This is pdfTeX, Version 3.1415926-2.5-1.40.14 (TeX Live 2013/Debian) (format=pdflatex 2014.5.2)  13 MAY 2014 13:58
entering extended mode
 restricted \write18 enabled.
 %&-line parsing enabled.
**140508_RP_plots.tex
(./140508_RP_plots.tex
LaTeX2e <2011/06/27>
Babel <3.9h> and hyphenation patterns for 2 languages loaded.
(/usr/share/texlive/texmf-dist/tex/latex/base/article.cls
Document Class: article 2007/10/19 v1.4h Standard LaTeX document class
(/usr/share/texlive/texmf-dist/tex/latex/base/size10.clo
File: size10.clo 2007/10/19 v1.4h Standard LaTeX file (size option)
)
\c@part=\count79
\c@section=\count80
\c@subsection=\count81
\c@subsubsection=\count82
\c@paragraph=\count83
\c@subparagraph=\count84
\c@figure=\count85
\c@table=\count86
\abovecaptionskip=\skip41
\belowcaptionskip=\skip42
\bibindent=\dimen102
)
(/usr/share/texlive/texmf-dist/tex/latex/graphics/epsfig.sty
Package: epsfig 1999/02/16 v1.7a (e)psfig emulation (SPQR)

(/usr/share/texlive/texmf-dist/tex/latex/graphics/graphicx.sty
Package: graphicx 1999/02/16 v1.0f Enhanced LaTeX Graphics (DPC,SPQR)

(/usr/share/texlive/texmf-dist/tex/latex/graphics/keyval.sty
Package: keyval 1999/03/16 v1.13 key=value parser (DPC)
\KV@toks@=\toks14
)
(/usr/share/texlive/texmf-dist/tex/latex/graphics/graphics.sty
Package: graphics 2009/02/05 v1.0o Standard LaTeX Graphics (DPC,SPQR)

(/usr/share/texlive/texmf-dist/tex/latex/graphics/trig.sty
Package: trig 1999/03/16 v1.09 sin cos tan (DPC)
)
(/usr/share/texlive/texmf-dist/tex/latex/latexconfig/graphics.cfg
File: graphics.cfg 2010/04/23 v1.9 graphics configuration of TeX Live
)
Package graphics Info: Driver file: pdftex.def on input line 91.

(/usr/share/texlive/texmf-dist/tex/latex/pdftex-def/pdftex.def
File: pdftex.def 2011/05/27 v0.06d Graphics/color for pdfTeX

(/usr/share/texlive/texmf-dist/tex/generic/oberdiek/infwarerr.sty
Package: infwarerr 2010/04/08 v1.3 Providing info/warning/error messages (HO)
)
(/usr/share/texlive/texmf-dist/tex/generic/oberdiek/ltxcmds.sty
Package: ltxcmds 2011/11/09 v1.22 LaTeX kernel commands for general use (HO)
)
\Gread@gobject=\count87
))
\Gin@req@height=\dimen103
\Gin@req@width=\dimen104
)
\epsfxsize=\dimen105
\epsfysize=\dimen106
)
(/usr/share/texlive/texmf-dist/tex/latex/amsmath/amsmath.sty
Package: amsmath 2013/01/14 v2.14 AMS math features
\@mathmargin=\skip43

For additional information on amsmath, use the `?' option.
(/usr/share/texlive/texmf-dist/tex/latex/amsmath/amstext.sty
Package: amstext 2000/06/29 v2.01

(/usr/share/texlive/texmf-dist/tex/latex/amsmath/amsgen.sty
File: amsgen.sty 1999/11/30 v2.0
\@emptytoks=\toks15
\ex@=\dimen107
))
(/usr/share/texlive/texmf-dist/tex/latex/amsmath/amsbsy.sty
Package: amsbsy 1999/11/29 v1.2d
\pmbraise@=\dimen108
)
(/usr/share/texlive/texmf-dist/tex/latex/amsmath/amsopn.sty
Package: amsopn 1999/12/14 v2.01 operator names
)
\inf@bad=\count88
LaTeX Info: Redefining \frac on input line 210.
\uproot@=\count89
\leftroot@=\count90
LaTeX Info: Redefining \overline on input line 306.
\classnum@=\count91
\DOTSCASE@=\count92
LaTeX Info: Redefining \ldots on input line 378.
LaTeX Info: Redefining \dots on input line 381.
LaTeX Info: Redefining \cdots on input line 466.
\Mathstrutbox@=\box26
\strutbox@=\box27
\big@size=\dimen109
LaTeX Font Info:    Redeclaring font encoding OML on input line 566.
LaTeX Font Info:    Redeclaring font encoding OMS on input line 567.
\macc@depth=\count93
\c@MaxMatrixCols=\count94
\dotsspace@=\muskip10
\c@parentequation=\count95
\dspbrk@lvl=\count96
\tag@help=\toks16
\row@=\count97
\column@=\count98
\maxfields@=\count99
\andhelp@=\toks17
\eqnshift@=\dimen110
\alignsep@=\dimen111
\tagshift@=\dimen112
\tagwidth@=\dimen113
\totwidth@=\dimen114
\lineht@=\dimen115
\@envbody=\toks18
\multlinegap=\skip44
\multlinetaggap=\skip45
\mathdisplay@stack=\toks19
LaTeX Info: Redefining \[ on input line 2665.
LaTeX Info: Redefining \] on input line 2666.
)
(/usr/share/texlive/texmf-dist/tex/latex/amsfonts/amssymb.sty
Package: amssymb 2013/01/14 v3.01 AMS font symbols

(/usr/share/texlive/texmf-dist/tex/latex/amsfonts/amsfonts.sty
Package: amsfonts 2013/01/14 v3.01 Basic AMSFonts support
\symAMSa=\mathgroup4
\symAMSb=\mathgroup5
LaTeX Font Info:    Overwriting math alphabet `\mathfrak' in version `bold'
(Font)                  U/euf/m/n --> U/euf/b/n on input line 106.
))
(/usr/share/texlive/texmf-dist/tex/latex/tools/array.sty
Package: array 2008/09/09 v2.4c Tabular extension package (FMi)
\col@sep=\dimen116
\extrarowheight=\dimen117
\NC@list=\toks20
\extratabsurround=\skip46
\backup@length=\skip47
)
(/usr/share/texlive/texmf-dist/tex/latex/tools/dcolumn.sty
Package: dcolumn 2001/05/28 v1.06 decimal alignment package (DPC)
)
(/usr/share/texlive/texmf-dist/tex/latex/subfigure/subfigure.sty
Package: subfigure 2002/03/15 v2.1.5 subfigure package
\subfigtopskip=\skip48
\subfigcapskip=\skip49
\subfigcaptopadj=\dimen118
\subfigbottomskip=\skip50
\subfigcapmargin=\dimen119
\subfiglabelskip=\skip51
\c@subfigure=\count100
\c@lofdepth=\count101
\c@subtable=\count102
\c@lotdepth=\count103

****************************************
* Local config file subfigure.cfg used *
****************************************
(/usr/share/texlive/texmf-dist/tex/latex/subfigure/subfigure.cfg)
\subfig@top=\skip52
\subfig@bottom=\skip53
)
(/usr/share/texlive/texmf-dist/tex/latex/rotating/rotating.sty
Package: rotating 2009/03/28 v2.16a rotated objects in LaTeX

(/usr/share/texlive/texmf-dist/tex/latex/base/ifthen.sty
Package: ifthen 2001/05/26 v1.1c Standard LaTeX ifthen package (DPC)
)
\c@r@tfl@t=\count104
\rotFPtop=\skip54
\rotFPbot=\skip55
\rot@float@box=\box28
\rot@mess@toks=\toks21
)
(./140508_RP_plots.aux

LaTeX Warning: Label `eq:adef' multiply defined.


LaTeX Warning: Label `anisoind' multiply defined.


LaTeX Warning: Label `eiz65' multiply defined.


LaTeX Warning: Label `eiz65' multiply defined.


LaTeX Warning: Label `eiz65' multiply defined.


LaTeX Warning: Label `eiz65' multiply defined.


LaTeX Warning: Label `eiz65' multiply defined.


LaTeX Warning: Label `befgqw' multiply defined.


LaTeX Warning: Label `eiz65' multiply defined.


LaTeX Warning: Label `befgqw' multiply defined.


LaTeX Warning: Label `eiz65' multiply defined.


LaTeX Warning: Label `eiz65' multiply defined.


LaTeX Warning: Label `eiz65' multiply defined.


LaTeX Warning: Label `eiz65' multiply defined.


LaTeX Warning: Label `eiz65' multiply defined.


LaTeX Warning: Label `table:nonlin' multiply defined.


LaTeX Warning: Label `eiz65' multiply defined.


LaTeX Warning: Label `table:nonlin' multiply defined.


LaTeX Warning: Label `table:nonlin' multiply defined.


LaTeX Warning: Label `eiz65' multiply defined.


LaTeX Warning: Label `eiz65' multiply defined.


LaTeX Warning: Label `eiz65' multiply defined.


LaTeX Warning: Label `eiz65' multiply defined.


LaTeX Warning: Label `eiz65' multiply defined.


LaTeX Warning: Label `eiz65' multiply defined.

)
\openout1 = `140508_RP_plots.aux'.

LaTeX Font Info:    Checking defaults for OML/cmm/m/it on input line 13.
LaTeX Font Info:    ... okay on input line 13.
LaTeX Font Info:    Checking defaults for T1/cmr/m/n on input line 13.
LaTeX Font Info:    ... okay on input line 13.
LaTeX Font Info:    Checking defaults for OT1/cmr/m/n on input line 13.
LaTeX Font Info:    ... okay on input line 13.
LaTeX Font Info:    Checking defaults for OMS/cmsy/m/n on input line 13.
LaTeX Font Info:    ... okay on input line 13.
LaTeX Font Info:    Checking defaults for OMX/cmex/m/n on input line 13.
LaTeX Font Info:    ... okay on input line 13.
LaTeX Font Info:    Checking defaults for U/cmr/m/n on input line 13.
LaTeX Font Info:    ... okay on input line 13.
 (/usr/share/texlive/texmf-dist/tex/context/base/supp-pdf.mkii
[Loading MPS to PDF converter (version 2006.09.02).]
\scratchcounter=\count105
\scratchdimen=\dimen120
\scratchbox=\box29
\nofMPsegments=\count106
\nofMParguments=\count107
\everyMPshowfont=\toks22
\MPscratchCnt=\count108
\MPscratchDim=\dimen121
\MPnumerator=\count109
\makeMPintoPDFobject=\count110
\everyMPtoPDFconversion=\toks23
) (/usr/share/texlive/texmf-dist/tex/generic/oberdiek/pdftexcmds.sty
Package: pdftexcmds 2011/11/29 v0.20 Utility functions of pdfTeX for LuaTeX (HO
)

(/usr/share/texlive/texmf-dist/tex/generic/oberdiek/ifluatex.sty
Package: ifluatex 2010/03/01 v1.3 Provides the ifluatex switch (HO)
Package ifluatex Info: LuaTeX not detected.
)
(/usr/share/texlive/texmf-dist/tex/generic/oberdiek/ifpdf.sty
Package: ifpdf 2011/01/30 v2.3 Provides the ifpdf switch (HO)
Package ifpdf Info: pdfTeX in PDF mode is detected.
)
Package pdftexcmds Info: LuaTeX not detected.
Package pdftexcmds Info: \pdf@primitive is available.
Package pdftexcmds Info: \pdf@ifprimitive is available.
Package pdftexcmds Info: \pdfdraftmode found.
)
(/usr/share/texlive/texmf-dist/tex/latex/oberdiek/epstopdf-base.sty
Package: epstopdf-base 2010/02/09 v2.5 Base part for package epstopdf

(/usr/share/texlive/texmf-dist/tex/latex/oberdiek/grfext.sty
Package: grfext 2010/08/19 v1.1 Manage graphics extensions (HO)

(/usr/share/texlive/texmf-dist/tex/generic/oberdiek/kvdefinekeys.sty
Package: kvdefinekeys 2011/04/07 v1.3 Define keys (HO)
))
(/usr/share/texlive/texmf-dist/tex/latex/oberdiek/kvoptions.sty
Package: kvoptions 2011/06/30 v3.11 Key value format for package options (HO)

(/usr/share/texlive/texmf-dist/tex/generic/oberdiek/kvsetkeys.sty
Package: kvsetkeys 2012/04/25 v1.16 Key value parser (HO)

(/usr/share/texlive/texmf-dist/tex/generic/oberdiek/etexcmds.sty
Package: etexcmds 2011/02/16 v1.5 Avoid name clashes with e-TeX commands (HO)
Package etexcmds Info: Could not find \expanded.
(etexcmds)             That can mean that you are not using pdfTeX 1.50 or
(etexcmds)             that some package has redefined \expanded.
(etexcmds)             In the latter case, load this package earlier.
)))
Package grfext Info: Graphics extension search list:
(grfext)             [.png,.pdf,.jpg,.mps,.jpeg,.jbig2,.jb2,.PNG,.PDF,.JPG,.JPE
G,.JBIG2,.JB2,.eps]
(grfext)             \AppendGraphicsExtensions on input line 452.

(/usr/share/texlive/texmf-dist/tex/latex/latexconfig/epstopdf-sys.cfg
File: epstopdf-sys.cfg 2010/07/13 v1.3 Configuration of (r)epstopdf for TeX Liv
e
))
LaTeX Font Info:    Try loading font information for U+msa on input line 14.

(/usr/share/texlive/texmf-dist/tex/latex/amsfonts/umsa.fd
File: umsa.fd 2013/01/14 v3.01 AMS symbols A
)
LaTeX Font Info:    Try loading font information for U+msb on input line 14.

(/usr/share/texlive/texmf-dist/tex/latex/amsfonts/umsb.fd
File: umsb.fd 2013/01/14 v3.01 AMS symbols B
)
Underfull \hbox (badness 10000) in paragraph at lines 16--24

 []

(./140508_RP_plots.toc
Overfull \hbox (23.25069pt too wide) in paragraph at lines 2--2
 [][] []\OT1/cmr/m/n/10 [6,5] Di-elec-tric re-sponse spec-trum, dis-per-sion sp
ec-trum, and anisotropy 
 []

)
\tf@toc=\write3
\openout3 = `140508_RP_plots.toc'.

 [1

{/var/lib/texmf/fonts/map/pdftex/updmap/pdftex.map}]
Overfull \hbox (0.49258pt too wide) detected at line 53
\OML/cmm/m/it/10 a[]\OT1/cmr/m/n/10 (\OML/cmm/m/it/10 i![]\OT1/cmr/m/n/10 ) = [
] = 2[]
 []

<prop_plots/65w65_eps2.png, id=19, 1213.53375pt x 913.4125pt>
File: prop_plots/65w65_eps2.png Graphic file (type png)

<use prop_plots/65w65_eps2.png>
Package pdftex.def Info: prop_plots/65w65_eps2.png used on input line 59.
(pdftex.def)             Requested size: 276.00105pt x 207.73895pt.

<prop_plots/65w65_eiz.png, id=20, 1212.53pt x 908.39375pt>
File: prop_plots/65w65_eiz.png Graphic file (type png)

<use prop_plots/65w65_eiz.png>
Package pdftex.def Info: prop_plots/65w65_eiz.png used on input line 69.
(pdftex.def)             Requested size: 276.00105pt x 206.76385pt.

Overfull \hbox (0.91534pt too wide) in paragraph at lines 96--96
[]\OT1/cmr/bx/n/12 [6,5] Di-elec-tric con-trast, anisotropy mea-sure, and their

 []


Overfull \hbox (0.49258pt too wide) detected at line 109
\OML/cmm/m/it/10 a[]\OT1/cmr/m/n/10 (\OML/cmm/m/it/10 i![]\OT1/cmr/m/n/10 ) = [
] = 2[]
 []

<plots/delta_derivs_65.png, id=21, 2326.6925pt x 1281.78876pt>
File: plots/delta_derivs_65.png Graphic file (type png)

<use plots/delta_derivs_65.png>
Package pdftex.def Info: plots/delta_derivs_65.png used on input line 121.
(pdftex.def)             Requested size: 1861.35658pt x 1025.4324pt.

<plots/a_derivs_65.png, id=22, 2326.6925pt x 1281.78876pt>
File: plots/a_derivs_65.png Graphic file (type png)

<use plots/a_derivs_65.png>
Package pdftex.def Info: plots/a_derivs_65.png used on input line 131.
(pdftex.def)             Requested size: 1861.35658pt x 1025.4324pt.
 [2]
Overfull \hbox (1.99815pt too wide) detected at line 149
\OMS/cmsy/m/n/10 A[]\OT1/cmr/m/n/10 (\OML/cmm/m/it/10 `\OT1/cmr/m/n/10 ) = [][]
[]^^A[]^^A[] []\OML/cmm/m/it/10 p[]\OT1/cmr/m/n/10 (\OML/cmm/m/it/10 `\OT1/cmr/
m/n/10 ) [] [][] \OML/cmm/m/it/10 tdt [][][]\OT1/cmr/m/n/10 (\OML/cmm/m/it/10 t
; a[]\OT1/cmr/m/n/10 (\OML/cmm/m/it/10 i![]\OT1/cmr/m/n/10 )\OML/cmm/m/it/10 ; 
a[]\OT1/cmr/m/n/10 (\OML/cmm/m/it/10 i![]\OT1/cmr/m/n/10 ))
 []

[3 <./prop_plots/65w65_eps2.png> <./prop_plots/65w65_eiz.png>]
Overfull \hbox (11.4148pt too wide) detected at line 158
\OMS/cmsy/m/n/10 A[]\OT1/cmr/m/n/10 (\OML/cmm/m/it/10 `\OT1/cmr/m/n/10 ) = [][]
[]^^A[]^^A[] []\OML/cmm/m/it/10 p[]\OT1/cmr/m/n/10 (\OML/cmm/m/it/10 `\OT1/cmr/
m/n/10 ) [] [][] \OML/cmm/m/it/10 tdt [][][]\OT1/cmr/m/n/10 (\OML/cmm/m/it/10 t
; a[]\OT1/cmr/m/n/10 (\OML/cmm/m/it/10 i![]\OT1/cmr/m/n/10 )\OML/cmm/m/it/10 ; 
a[]\OT1/cmr/m/n/10 (\OML/cmm/m/it/10 i![]\OT1/cmr/m/n/10 )\OML/cmm/m/it/10 ; ^^
R\OT1/cmr/m/n/10 )
 []

[4 <./plots/delta_derivs_65.png> <./plots/a_derivs_65.png>]
<plots/140322_65w65_HCs_perpendicular_ret.png, id=37, 578.16pt x 433.62pt>
File: plots/140322_65w65_HCs_perpendicular_ret.png Graphic file (type png)

<use plots/140322_65w65_HCs_perpendicular_ret.png>
Package pdftex.def Info: plots/140322_65w65_HCs_perpendicular_ret.png used on i
nput line 185.
(pdftex.def)             Requested size: 413.99895pt x 310.4991pt.

Overfull \hbox (68.99895pt too wide) in paragraph at lines 185--189
 [] 
 []


<plots/140322_65w65_HCs_semilog_perpendicular_ret.png, id=39, 578.16pt x 433.62
pt>
File: plots/140322_65w65_HCs_semilog_perpendicular_ret.png Graphic file (type p
ng)
 <use plots/140322_65w65_HCs_semilog_perpendicular_ret.png>
Package pdftex.def Info: plots/140322_65w65_HCs_semilog_perpendicular_ret.png u
sed on input line 199.
(pdftex.def)             Requested size: 413.99895pt x 310.4991pt.

Overfull \hbox (68.99895pt too wide) in paragraph at lines 199--203
 [] 
 []


Overfull \hbox (1.99815pt too wide) detected at line 217
\OMS/cmsy/m/n/10 A[]\OT1/cmr/m/n/10 (\OML/cmm/m/it/10 `\OT1/cmr/m/n/10 ) = [][]
[]^^A[]^^A[] []\OML/cmm/m/it/10 p[]\OT1/cmr/m/n/10 (\OML/cmm/m/it/10 `\OT1/cmr/
m/n/10 ) [] [][] \OML/cmm/m/it/10 tdt [][][]\OT1/cmr/m/n/10 (\OML/cmm/m/it/10 t
; a[]\OT1/cmr/m/n/10 (\OML/cmm/m/it/10 i![]\OT1/cmr/m/n/10 )\OML/cmm/m/it/10 ; 
a[]\OT1/cmr/m/n/10 (\OML/cmm/m/it/10 i![]\OT1/cmr/m/n/10 ))
 []


Overfull \hbox (11.4148pt too wide) detected at line 221
\OMS/cmsy/m/n/10 A[]\OT1/cmr/m/n/10 (\OML/cmm/m/it/10 `\OT1/cmr/m/n/10 ) = [][]
[]^^A[]^^A[] []\OML/cmm/m/it/10 p[]\OT1/cmr/m/n/10 (\OML/cmm/m/it/10 `\OT1/cmr/
m/n/10 ) [] [][] \OML/cmm/m/it/10 tdt [][][]\OT1/cmr/m/n/10 (\OML/cmm/m/it/10 t
; a[]\OT1/cmr/m/n/10 (\OML/cmm/m/it/10 i![]\OT1/cmr/m/n/10 )\OML/cmm/m/it/10 ; 
a[]\OT1/cmr/m/n/10 (\OML/cmm/m/it/10 i![]\OT1/cmr/m/n/10 )\OML/cmm/m/it/10 ; ^^
R\OT1/cmr/m/n/10 )
 []

<large_N/65_A_vs_lrg_n.png, id=40, 1241.63875pt x 934.49126pt>
File: large_N/65_A_vs_lrg_n.png Graphic file (type png)

<use large_N/65_A_vs_lrg_n.png>
Package pdftex.def Info: large_N/65_A_vs_lrg_n.png used on input line 243.
(pdftex.def)             Requested size: 869.1412pt x 654.13943pt.

Overfull \hbox (69.00116pt too wide) in paragraph at lines 243--248
 [] 
 []

<plots/65_0to46.png, id=41, 1734.48pt x 875.1897pt>
File: plots/65_0to46.png Graphic file (type png)
 <use plots/65_0to46.png>
Package pdftex.def Info: plots/65_0to46.png used on input line 256.
(pdftex.def)             Requested size: 867.23788pt x 437.59378pt.

Overfull \hbox (69.00763pt too wide) in paragraph at lines 256--262
 [] 
 []

<plots/65_dAdn_vs_n.png, id=42, 578.16pt x 433.62pt>
File: plots/65_dAdn_vs_n.png Graphic file (type png)

<use plots/65_dAdn_vs_n.png>
Package pdftex.def Info: plots/65_dAdn_vs_n.png used on input line 271.
(pdftex.def)             Requested size: 635.97797pt x 476.98347pt.

Overfull \hbox (69.00285pt too wide) in paragraph at lines 271--277
 [] 
 []


Overfull \hbox (3.0229pt too wide) in paragraph at lines 525--525
[]\OT1/cmr/bx/n/14.4 Finite c ef-fect: change in con-tri-bu-tions to Mat-
 []


Overfull \hbox (1.99815pt too wide) detected at line 532
\OMS/cmsy/m/n/10 A[]\OT1/cmr/m/n/10 (\OML/cmm/m/it/10 `\OT1/cmr/m/n/10 ) = [][]
[]^^A[]^^A[] []\OML/cmm/m/it/10 p[]\OT1/cmr/m/n/10 (\OML/cmm/m/it/10 `\OT1/cmr/
m/n/10 ) [] [][] \OML/cmm/m/it/10 tdt [][][]\OT1/cmr/m/n/10 (\OML/cmm/m/it/10 t
; a[]\OT1/cmr/m/n/10 (\OML/cmm/m/it/10 i![]\OT1/cmr/m/n/10 )\OML/cmm/m/it/10 ; 
a[]\OT1/cmr/m/n/10 (\OML/cmm/m/it/10 i![]\OT1/cmr/m/n/10 ))
 []

[5]
Overfull \hbox (11.4148pt too wide) detected at line 548
\OMS/cmsy/m/n/10 A[]\OT1/cmr/m/n/10 (\OML/cmm/m/it/10 `\OT1/cmr/m/n/10 ) = [][]
[]^^A[]^^A[] []\OML/cmm/m/it/10 p[]\OT1/cmr/m/n/10 (\OML/cmm/m/it/10 `\OT1/cmr/
m/n/10 ) [] [][] \OML/cmm/m/it/10 tdt [][][]\OT1/cmr/m/n/10 (\OML/cmm/m/it/10 t
; a[]\OT1/cmr/m/n/10 (\OML/cmm/m/it/10 i![]\OT1/cmr/m/n/10 )\OML/cmm/m/it/10 ; 
a[]\OT1/cmr/m/n/10 (\OML/cmm/m/it/10 i![]\OT1/cmr/m/n/10 )\OML/cmm/m/it/10 ; ^^
R\OT1/cmr/m/n/10 )
 []

[6 <./plots/140322_65w65_HCs_perpendicular_ret.png>]
File: plots/140322_65w65_HCs_perpendicular_ret.png Graphic file (type png)

<use plots/140322_65w65_HCs_perpendicular_ret.png>
Package pdftex.def Info: plots/140322_65w65_HCs_perpendicular_ret.png used on i
nput line 558.
(pdftex.def)             Requested size: 413.99895pt x 310.4991pt.

Overfull \hbox (68.99895pt too wide) in paragraph at lines 558--563
 [] 
 []

<plots/65_dsumAdl_vs_n.png, id=53, 578.16pt x 433.62pt>
File: plots/65_dsumAdl_vs_n.png Graphic file (type png)

<use plots/65_dsumAdl_vs_n.png>
Package pdftex.def Info: plots/65_dsumAdl_vs_n.png used on input line 573.
(pdftex.def)             Requested size: 413.99895pt x 310.4991pt.

Overfull \hbox (68.99895pt too wide) in paragraph at lines 573--590
 [] 
 []


Overfull \hbox (1.99815pt too wide) detected at line 609
\OMS/cmsy/m/n/10 A[]\OT1/cmr/m/n/10 (\OML/cmm/m/it/10 `\OT1/cmr/m/n/10 ) = [][]
[]^^A[]^^A[] []\OML/cmm/m/it/10 p[]\OT1/cmr/m/n/10 (\OML/cmm/m/it/10 `\OT1/cmr/
m/n/10 ) [] [][] \OML/cmm/m/it/10 tdt [][][]\OT1/cmr/m/n/10 (\OML/cmm/m/it/10 t
; a[]\OT1/cmr/m/n/10 (\OML/cmm/m/it/10 i![]\OT1/cmr/m/n/10 )\OML/cmm/m/it/10 ; 
a[]\OT1/cmr/m/n/10 (\OML/cmm/m/it/10 i![]\OT1/cmr/m/n/10 ))
 []

[7 <./plots/140322_65w65_HCs_semilog_perpendicular_ret.png>]
Overfull \hbox (88.06029pt too wide) detected at line 612
[]\OT1/cmr/m/n/10 (\OML/cmm/m/it/10 t; a[]\OT1/cmr/m/n/10 (\OML/cmm/m/it/10 i![
]\OT1/cmr/m/n/10 )\OML/cmm/m/it/10 ; a[]\OT1/cmr/m/n/10 (\OML/cmm/m/it/10 i![]\
OT1/cmr/m/n/10 )) = 2 []
 []


Overfull \hbox (11.4148pt too wide) detected at line 616
\OMS/cmsy/m/n/10 A[]\OT1/cmr/m/n/10 (\OML/cmm/m/it/10 `\OT1/cmr/m/n/10 ) = [][]
[]^^A[]^^A[] []\OML/cmm/m/it/10 p[]\OT1/cmr/m/n/10 (\OML/cmm/m/it/10 `\OT1/cmr/
m/n/10 ) [] [][] \OML/cmm/m/it/10 tdt [][][]\OT1/cmr/m/n/10 (\OML/cmm/m/it/10 t
; a[]\OT1/cmr/m/n/10 (\OML/cmm/m/it/10 i![]\OT1/cmr/m/n/10 )\OML/cmm/m/it/10 ; 
a[]\OT1/cmr/m/n/10 (\OML/cmm/m/it/10 i![]\OT1/cmr/m/n/10 )\OML/cmm/m/it/10 ; ^^
R\OT1/cmr/m/n/10 )
 []

[8 <./large_N/65_A_vs_lrg_n.png>]
<plots/pn_vs_l.png, id=62, 1675.2186pt x 922.8879pt>
File: plots/pn_vs_l.png Graphic file (type png)
 <use plots/pn_vs_l.png>
Package pdftex.def Info: plots/pn_vs_l.png used on input line 647.
(pdftex.def)             Requested size: 837.60725pt x 461.44283pt.

Overfull \hbox (68.99802pt too wide) in paragraph at lines 647--649
 [] 
 []

<plots/pn_vs_n.png, id=63, 1675.2186pt x 922.8879pt>
File: plots/pn_vs_n.png Graphic file (type png)
 <use plots/pn_vs_n.png>
Package pdftex.def Info: plots/pn_vs_n.png used on input line 657.
(pdftex.def)             Requested size: 837.60725pt x 461.44283pt.

Overfull \hbox (68.99802pt too wide) in paragraph at lines 657--662
 [] 
 []

<plots/p_vs_n_l.png, id=64, 1430.34375pt x 849.1725pt>
File: plots/p_vs_n_l.png Graphic file (type png)

<use plots/p_vs_n_l.png>
Package pdftex.def Info: plots/p_vs_n_l.png used on input line 672.
(pdftex.def)             Requested size: 1144.27658pt x 679.33893pt.

Overfull \hbox (69.00058pt too wide) in paragraph at lines 672--680
 [] 
 []

<plots/grad_A0_65.png, id=65, 578.16pt x 433.62pt>
File: plots/grad_A0_65.png Graphic file (type png)
 <use plots/grad_A0_65.png>
Package pdftex.def Info: plots/grad_A0_65.png used on input line 690.
(pdftex.def)             Requested size: 482.9979pt x 362.24675pt.

Overfull \hbox (137.9979pt too wide) in paragraph at lines 690--695
 [] 
 []

<plots/siber_comp_G_vs_l_sw_r_nr_65.png, id=66, 1083.04625pt x 811.03pt>
File: plots/siber_comp_G_vs_l_sw_r_nr_65.png Graphic file (type png)

<use plots/siber_comp_G_vs_l_sw_r_nr_65.png>
Package pdftex.def Info: plots/siber_comp_G_vs_l_sw_r_nr_65.png used on input l
ine 873.
(pdftex.def)             Requested size: 517.5pt x 387.53268pt.

Overfull \hbox (172.5pt too wide) in paragraph at lines 873--875
 [] 
 []

<plots/siber_comp_G_vs_theta_65.png, id=67, 1090.0725pt x 809.0225pt>
File: plots/siber_comp_G_vs_theta_65.png Graphic file (type png)

<use plots/siber_comp_G_vs_theta_65.png>
Package pdftex.def Info: plots/siber_comp_G_vs_theta_65.png used on input line 
882.
(pdftex.def)             Requested size: 517.5pt x 384.06747pt.

Overfull \hbox (172.5pt too wide) in paragraph at lines 882--884
 [] 
 []

File: plots/siber_comp_G_vs_l_sw_r_nr_65.png Graphic file (type png)
<use plots/siber_comp_G_vs_l_sw_r_nr_65.png>
Package pdftex.def Info: plots/siber_comp_G_vs_l_sw_r_nr_65.png used on input l
ine 892.
(pdftex.def)             Requested size: 517.5pt x 387.53268pt.

Overfull \hbox (172.5pt too wide) in paragraph at lines 892--894
 [] 
 []

[9 <./plots/65_0to46.png>]
File: plots/siber_comp_G_vs_theta_65.png Graphic file (type png)
 <use plots/siber_comp_G_vs_theta_65.png>
Package pdftex.def Info: plots/siber_comp_G_vs_theta_65.png used on input line 
901.
(pdftex.def)             Requested size: 517.5pt x 384.06747pt.

Overfull \hbox (172.5pt too wide) in paragraph at lines 901--903
 [] 
 []


Overfull \vbox (4.02426pt too high) has occurred while \output is active []


[10 <./plots/65_dAdn_vs_n.png>]
Overfull \hbox (125.66748pt too wide) in paragraph at lines 944--963
 [][] 
 []

Missing character: There is no â in font cmr10!
Missing character: There is no € in font cmr10!
Missing character: There is no “ in font cmr10!
[11] [12 <./plots/65_dsumAdl_vs_n.png>] [13 <./plots/pn_vs_l.png>] [14 <./plots
/pn_vs_n.png>] [15 <./plots/p_vs_n_l.png>] [16 <./plots/grad_A0_65.png>]
[17 <./plots/siber_comp_G_vs_l_sw_r_nr_65.png>] [18 <./plots/siber_comp_G_vs_th
eta_65.png>] [19] [20] (./140508_RP_plots.aux)

LaTeX Warning: There were multiply-defined labels.

 ) 
Here is how much of TeX's memory you used:
 2863 strings out of 495028
 38907 string characters out of 6181498
 107352 words of memory out of 5000000
 5993 multiletter control sequences out of 15000+600000
 17349 words of font info for 65 fonts, out of 8000000 for 9000
 14 hyphenation exceptions out of 8191
 38i,10n,26p,1302b,329s stack positions out of 5000i,500n,10000p,200000b,80000s
</usr/share/texlive/texmf-dist/fonts/type1/public/amsfonts/cm/cmbx10.pfb></us
r/share/texlive/texmf-dist/fonts/type1/public/amsfonts/cm/cmbx12.pfb></usr/shar
e/texlive/texmf-dist/fonts/type1/public/amsfonts/cm/cmbx9.pfb></usr/share/texli
ve/texmf-dist/fonts/type1/public/amsfonts/cm/cmex10.pfb></usr/share/texlive/tex
mf-dist/fonts/type1/public/amsfonts/cm/cmmi10.pfb></usr/share/texlive/texmf-dis
t/fonts/type1/public/amsfonts/cm/cmmi12.pfb></usr/share/texlive/texmf-dist/font
s/type1/public/amsfonts/cm/cmmi5.pfb></usr/share/texlive/texmf-dist/fonts/type1
/public/amsfonts/cm/cmmi7.pfb></usr/share/texlive/texmf-dist/fonts/type1/public
/amsfonts/cm/cmmi9.pfb></usr/share/texlive/texmf-dist/fonts/type1/public/amsfon
ts/cm/cmr10.pfb></usr/share/texlive/texmf-dist/fonts/type1/public/amsfonts/cm/c
mr12.pfb></usr/share/texlive/texmf-dist/fonts/type1/public/amsfonts/cm/cmr5.pfb
></usr/share/texlive/texmf-dist/fonts/type1/public/amsfonts/cm/cmr6.pfb></usr/s
hare/texlive/texmf-dist/fonts/type1/public/amsfonts/cm/cmr7.pfb></usr/share/tex
live/texmf-dist/fonts/type1/public/amsfonts/cm/cmr8.pfb></usr/share/texlive/tex
mf-dist/fonts/type1/public/amsfonts/cm/cmr9.pfb></usr/share/texlive/texmf-dist/
fonts/type1/public/amsfonts/cm/cmsy10.pfb></usr/share/texlive/texmf-dist/fonts/
type1/public/amsfonts/cm/cmsy7.pfb></usr/share/texlive/texmf-dist/fonts/type1/p
ublic/amsfonts/cm/cmsy9.pfb></usr/share/texlive/texmf-dist/fonts/type1/public/a
msfonts/cm/cmti10.pfb></usr/share/texlive/texmf-dist/fonts/type1/public/amsfont
s/cm/cmti12.pfb></usr/share/texlive/texmf-dist/fonts/type1/public/amsfonts/cm/c
mti7.pfb>
Output written on 140508_RP_plots.pdf (20 pages, 1946183 bytes).
PDF statistics:
 183 PDF objects out of 1000 (max. 8388607)
 113 compressed objects within 2 object streams
 0 named destinations out of 1000 (max. 500000)
 81 words of extra memory for PDF output out of 10000 (max. 10000000)

