This is pdfTeX, Version 3.1415926-2.5-1.40.14 (TeX Live 2013/Debian) (format=pdflatex 2014.5.2)  13 MAY 2014 17:40
entering extended mode
 restricted \write18 enabled.
 %&-line parsing enabled.
**140513_summary_with_inflects.tex
(./140513_summary_with_inflects.tex
LaTeX2e <2011/06/27>
Babel <3.9h> and hyphenation patterns for 2 languages loaded.
(/usr/share/texlive/texmf-dist/tex/latex/base/article.cls
Document Class: article 2007/10/19 v1.4h Standard LaTeX document class
(/usr/share/texlive/texmf-dist/tex/latex/base/size10.clo
File: size10.clo 2007/10/19 v1.4h Standard LaTeX file (size option)
)
\c@part=\count79
\c@section=\count80
\c@subsection=\count81
\c@subsubsection=\count82
\c@paragraph=\count83
\c@subparagraph=\count84
\c@figure=\count85
\c@table=\count86
\abovecaptionskip=\skip41
\belowcaptionskip=\skip42
\bibindent=\dimen102
)
(/usr/share/texlive/texmf-dist/tex/latex/graphics/epsfig.sty
Package: epsfig 1999/02/16 v1.7a (e)psfig emulation (SPQR)

(/usr/share/texlive/texmf-dist/tex/latex/graphics/graphicx.sty
Package: graphicx 1999/02/16 v1.0f Enhanced LaTeX Graphics (DPC,SPQR)

(/usr/share/texlive/texmf-dist/tex/latex/graphics/keyval.sty
Package: keyval 1999/03/16 v1.13 key=value parser (DPC)
\KV@toks@=\toks14
)
(/usr/share/texlive/texmf-dist/tex/latex/graphics/graphics.sty
Package: graphics 2009/02/05 v1.0o Standard LaTeX Graphics (DPC,SPQR)

(/usr/share/texlive/texmf-dist/tex/latex/graphics/trig.sty
Package: trig 1999/03/16 v1.09 sin cos tan (DPC)
)
(/usr/share/texlive/texmf-dist/tex/latex/latexconfig/graphics.cfg
File: graphics.cfg 2010/04/23 v1.9 graphics configuration of TeX Live
)
Package graphics Info: Driver file: pdftex.def on input line 91.

(/usr/share/texlive/texmf-dist/tex/latex/pdftex-def/pdftex.def
File: pdftex.def 2011/05/27 v0.06d Graphics/color for pdfTeX

(/usr/share/texlive/texmf-dist/tex/generic/oberdiek/infwarerr.sty
Package: infwarerr 2010/04/08 v1.3 Providing info/warning/error messages (HO)
)
(/usr/share/texlive/texmf-dist/tex/generic/oberdiek/ltxcmds.sty
Package: ltxcmds 2011/11/09 v1.22 LaTeX kernel commands for general use (HO)
)
\Gread@gobject=\count87
))
\Gin@req@height=\dimen103
\Gin@req@width=\dimen104
)
\epsfxsize=\dimen105
\epsfysize=\dimen106
)
(/usr/share/texlive/texmf-dist/tex/latex/amsmath/amsmath.sty
Package: amsmath 2013/01/14 v2.14 AMS math features
\@mathmargin=\skip43

For additional information on amsmath, use the `?' option.
(/usr/share/texlive/texmf-dist/tex/latex/amsmath/amstext.sty
Package: amstext 2000/06/29 v2.01

(/usr/share/texlive/texmf-dist/tex/latex/amsmath/amsgen.sty
File: amsgen.sty 1999/11/30 v2.0
\@emptytoks=\toks15
\ex@=\dimen107
))
(/usr/share/texlive/texmf-dist/tex/latex/amsmath/amsbsy.sty
Package: amsbsy 1999/11/29 v1.2d
\pmbraise@=\dimen108
)
(/usr/share/texlive/texmf-dist/tex/latex/amsmath/amsopn.sty
Package: amsopn 1999/12/14 v2.01 operator names
)
\inf@bad=\count88
LaTeX Info: Redefining \frac on input line 210.
\uproot@=\count89
\leftroot@=\count90
LaTeX Info: Redefining \overline on input line 306.
\classnum@=\count91
\DOTSCASE@=\count92
LaTeX Info: Redefining \ldots on input line 378.
LaTeX Info: Redefining \dots on input line 381.
LaTeX Info: Redefining \cdots on input line 466.
\Mathstrutbox@=\box26
\strutbox@=\box27
\big@size=\dimen109
LaTeX Font Info:    Redeclaring font encoding OML on input line 566.
LaTeX Font Info:    Redeclaring font encoding OMS on input line 567.
\macc@depth=\count93
\c@MaxMatrixCols=\count94
\dotsspace@=\muskip10
\c@parentequation=\count95
\dspbrk@lvl=\count96
\tag@help=\toks16
\row@=\count97
\column@=\count98
\maxfields@=\count99
\andhelp@=\toks17
\eqnshift@=\dimen110
\alignsep@=\dimen111
\tagshift@=\dimen112
\tagwidth@=\dimen113
\totwidth@=\dimen114
\lineht@=\dimen115
\@envbody=\toks18
\multlinegap=\skip44
\multlinetaggap=\skip45
\mathdisplay@stack=\toks19
LaTeX Info: Redefining \[ on input line 2665.
LaTeX Info: Redefining \] on input line 2666.
)
(/usr/share/texlive/texmf-dist/tex/latex/amsfonts/amssymb.sty
Package: amssymb 2013/01/14 v3.01 AMS font symbols

(/usr/share/texlive/texmf-dist/tex/latex/amsfonts/amsfonts.sty
Package: amsfonts 2013/01/14 v3.01 Basic AMSFonts support
\symAMSa=\mathgroup4
\symAMSb=\mathgroup5
LaTeX Font Info:    Overwriting math alphabet `\mathfrak' in version `bold'
(Font)                  U/euf/m/n --> U/euf/b/n on input line 106.
))
(/usr/share/texlive/texmf-dist/tex/latex/tools/array.sty
Package: array 2008/09/09 v2.4c Tabular extension package (FMi)
\col@sep=\dimen116
\extrarowheight=\dimen117
\NC@list=\toks20
\extratabsurround=\skip46
\backup@length=\skip47
)
(/usr/share/texlive/texmf-dist/tex/latex/tools/dcolumn.sty
Package: dcolumn 2001/05/28 v1.06 decimal alignment package (DPC)
)
(/usr/share/texlive/texmf-dist/tex/latex/subfigure/subfigure.sty
Package: subfigure 2002/03/15 v2.1.5 subfigure package
\subfigtopskip=\skip48
\subfigcapskip=\skip49
\subfigcaptopadj=\dimen118
\subfigbottomskip=\skip50
\subfigcapmargin=\dimen119
\subfiglabelskip=\skip51
\c@subfigure=\count100
\c@lofdepth=\count101
\c@subtable=\count102
\c@lotdepth=\count103

****************************************
* Local config file subfigure.cfg used *
****************************************
(/usr/share/texlive/texmf-dist/tex/latex/subfigure/subfigure.cfg)
\subfig@top=\skip52
\subfig@bottom=\skip53
)
(/usr/share/texlive/texmf-dist/tex/latex/rotating/rotating.sty
Package: rotating 2009/03/28 v2.16a rotated objects in LaTeX

(/usr/share/texlive/texmf-dist/tex/latex/base/ifthen.sty
Package: ifthen 2001/05/26 v1.1c Standard LaTeX ifthen package (DPC)
)
\c@r@tfl@t=\count104
\rotFPtop=\skip54
\rotFPbot=\skip55
\rot@float@box=\box28
\rot@mess@toks=\toks21
)
(./140513_summary_with_inflects.aux

LaTeX Warning: Label `anisoind' multiply defined.


LaTeX Warning: Label `eq:adef' multiply defined.


LaTeX Warning: Label `anisoind' multiply defined.


LaTeX Warning: Label `eiz91' multiply defined.


LaTeX Warning: Label `eq:adef' multiply defined.


LaTeX Warning: Label `eiz91' multiply defined.


LaTeX Warning: Label `anisoind' multiply defined.


LaTeX Warning: Label `eq:adef' multiply defined.


LaTeX Warning: Label `anisoind' multiply defined.


LaTeX Warning: Label `eq:adef' multiply defined.


LaTeX Warning: Label `anisoind' multiply defined.


LaTeX Warning: Label `eq:adef' multiply defined.


LaTeX Warning: Label `eiz65' multiply defined.


LaTeX Warning: Label `eiz65' multiply defined.


LaTeX Warning: Label `befgqw' multiply defined.


LaTeX Warning: Label `befgqw' multiply defined.


LaTeX Warning: Label `befgqw' multiply defined.


LaTeX Warning: Label `eiz65' multiply defined.


LaTeX Warning: Label `eiz65' multiply defined.


LaTeX Warning: Label `befgqw' multiply defined.


LaTeX Warning: Label `eiz65' multiply defined.


LaTeX Warning: Label `befgqw' multiply defined.


LaTeX Warning: Label `eiz65' multiply defined.


LaTeX Warning: Label `befgqw' multiply defined.


LaTeX Warning: Label `eiz65' multiply defined.


LaTeX Warning: Label `befgqw' multiply defined.


LaTeX Warning: Label `eiz65' multiply defined.


LaTeX Warning: Label `befgqw' multiply defined.


LaTeX Warning: Label `eiz65' multiply defined.


LaTeX Warning: Label `befgqw' multiply defined.


LaTeX Warning: Label `eiz65' multiply defined.


LaTeX Warning: Label `befgqw' multiply defined.


LaTeX Warning: Label `eiz65' multiply defined.


LaTeX Warning: Label `befgqw' multiply defined.


LaTeX Warning: Label `eiz65' multiply defined.


LaTeX Warning: Label `befgqw' multiply defined.


LaTeX Warning: Label `eiz65' multiply defined.


LaTeX Warning: Label `eiz65' multiply defined.


LaTeX Warning: Label `befgqw' multiply defined.


LaTeX Warning: Label `eiz65' multiply defined.


LaTeX Warning: Label `befgqw' multiply defined.


LaTeX Warning: Label `eiz65' multiply defined.


LaTeX Warning: Label `befgqw' multiply defined.


LaTeX Warning: Label `befgqw' multiply defined.


LaTeX Warning: Label `eiz65' multiply defined.


LaTeX Warning: Label `befgqw' multiply defined.


LaTeX Warning: Label `eiz65' multiply defined.


LaTeX Warning: Label `eiz65' multiply defined.


LaTeX Warning: Label `befgqw' multiply defined.


LaTeX Warning: Label `eiz65' multiply defined.


LaTeX Warning: Label `eiz65' multiply defined.


LaTeX Warning: Label `befgqw' multiply defined.


LaTeX Warning: Label `eiz65' multiply defined.


LaTeX Warning: Label `eiz65' multiply defined.


LaTeX Warning: Label `table:nonlin' multiply defined.


LaTeX Warning: Label `eiz65' multiply defined.


LaTeX Warning: Label `table:nonlin' multiply defined.


LaTeX Warning: Label `table:nonlin' multiply defined.


LaTeX Warning: Label `eiz65' multiply defined.


LaTeX Warning: Label `eiz65' multiply defined.


LaTeX Warning: Label `eiz65' multiply defined.

)
\openout1 = `140513_summary_with_inflects.aux'.

LaTeX Font Info:    Checking defaults for OML/cmm/m/it on input line 15.
LaTeX Font Info:    ... okay on input line 15.
LaTeX Font Info:    Checking defaults for T1/cmr/m/n on input line 15.
LaTeX Font Info:    ... okay on input line 15.
LaTeX Font Info:    Checking defaults for OT1/cmr/m/n on input line 15.
LaTeX Font Info:    ... okay on input line 15.
LaTeX Font Info:    Checking defaults for OMS/cmsy/m/n on input line 15.
LaTeX Font Info:    ... okay on input line 15.
LaTeX Font Info:    Checking defaults for OMX/cmex/m/n on input line 15.
LaTeX Font Info:    ... okay on input line 15.
LaTeX Font Info:    Checking defaults for U/cmr/m/n on input line 15.
LaTeX Font Info:    ... okay on input line 15.
 (/usr/share/texlive/texmf-dist/tex/context/base/supp-pdf.mkii
[Loading MPS to PDF converter (version 2006.09.02).]
\scratchcounter=\count105
\scratchdimen=\dimen120
\scratchbox=\box29
\nofMPsegments=\count106
\nofMParguments=\count107
\everyMPshowfont=\toks22
\MPscratchCnt=\count108
\MPscratchDim=\dimen121
\MPnumerator=\count109
\makeMPintoPDFobject=\count110
\everyMPtoPDFconversion=\toks23
) (/usr/share/texlive/texmf-dist/tex/generic/oberdiek/pdftexcmds.sty
Package: pdftexcmds 2011/11/29 v0.20 Utility functions of pdfTeX for LuaTeX (HO
)

(/usr/share/texlive/texmf-dist/tex/generic/oberdiek/ifluatex.sty
Package: ifluatex 2010/03/01 v1.3 Provides the ifluatex switch (HO)
Package ifluatex Info: LuaTeX not detected.
)
(/usr/share/texlive/texmf-dist/tex/generic/oberdiek/ifpdf.sty
Package: ifpdf 2011/01/30 v2.3 Provides the ifpdf switch (HO)
Package ifpdf Info: pdfTeX in PDF mode is detected.
)
Package pdftexcmds Info: LuaTeX not detected.
Package pdftexcmds Info: \pdf@primitive is available.
Package pdftexcmds Info: \pdf@ifprimitive is available.
Package pdftexcmds Info: \pdfdraftmode found.
)
(/usr/share/texlive/texmf-dist/tex/latex/oberdiek/epstopdf-base.sty
Package: epstopdf-base 2010/02/09 v2.5 Base part for package epstopdf

(/usr/share/texlive/texmf-dist/tex/latex/oberdiek/grfext.sty
Package: grfext 2010/08/19 v1.1 Manage graphics extensions (HO)

(/usr/share/texlive/texmf-dist/tex/generic/oberdiek/kvdefinekeys.sty
Package: kvdefinekeys 2011/04/07 v1.3 Define keys (HO)
))
(/usr/share/texlive/texmf-dist/tex/latex/oberdiek/kvoptions.sty
Package: kvoptions 2011/06/30 v3.11 Key value format for package options (HO)

(/usr/share/texlive/texmf-dist/tex/generic/oberdiek/kvsetkeys.sty
Package: kvsetkeys 2012/04/25 v1.16 Key value parser (HO)

(/usr/share/texlive/texmf-dist/tex/generic/oberdiek/etexcmds.sty
Package: etexcmds 2011/02/16 v1.5 Avoid name clashes with e-TeX commands (HO)
Package etexcmds Info: Could not find \expanded.
(etexcmds)             That can mean that you are not using pdfTeX 1.50 or
(etexcmds)             that some package has redefined \expanded.
(etexcmds)             In the latter case, load this package earlier.
)))
Package grfext Info: Graphics extension search list:
(grfext)             [.png,.pdf,.jpg,.mps,.jpeg,.jbig2,.jb2,.PNG,.PDF,.JPG,.JPE
G,.JBIG2,.JB2,.eps]
(grfext)             \AppendGraphicsExtensions on input line 452.

(/usr/share/texlive/texmf-dist/tex/latex/latexconfig/epstopdf-sys.cfg
File: epstopdf-sys.cfg 2010/07/13 v1.3 Configuration of (r)epstopdf for TeX Liv
e
))
LaTeX Font Info:    Try loading font information for U+msa on input line 16.

(/usr/share/texlive/texmf-dist/tex/latex/amsfonts/umsa.fd
File: umsa.fd 2013/01/14 v3.01 AMS symbols A
)
LaTeX Font Info:    Try loading font information for U+msb on input line 16.

(/usr/share/texlive/texmf-dist/tex/latex/amsfonts/umsb.fd
File: umsb.fd 2013/01/14 v3.01 AMS symbols B
)
Underfull \hbox (badness 10000) in paragraph at lines 18--26

 []

(./140513_summary_with_inflects.toc
Overfull \hbox (23.25069pt too wide) in paragraph at lines 2--2
 [][] []\OT1/cmr/m/n/10 [6,5] Di-elec-tric re-sponse spec-trum, dis-per-sion sp
ec-trum, and anisotropy 
 []

[1

{/var/lib/texmf/fonts/map/pdftex/updmap/pdftex.map}])
\tf@toc=\write3
\openout3 = `140513_summary_with_inflects.toc'.


Overfull \hbox (0.49258pt too wide) detected at line 55
\OML/cmm/m/it/10 a[]\OT1/cmr/m/n/10 (\OML/cmm/m/it/10 i![]\OT1/cmr/m/n/10 ) = [
] = 2[]
 []

[2] <prop_plots/65w65_eps2.png, id=24, 1213.53375pt x 913.4125pt>
File: prop_plots/65w65_eps2.png Graphic file (type png)

<use prop_plots/65w65_eps2.png>
Package pdftex.def Info: prop_plots/65w65_eps2.png used on input line 63.
(pdftex.def)             Requested size: 193.1962pt x 145.4103pt.

Overfull \hbox (55.1983pt too wide) in paragraph at lines 63--64
 [] 
 []

<prop_plots/65w65_eiz.png, id=25, 1212.53pt x 908.39375pt>
File: prop_plots/65w65_eiz.png Graphic file (type png)

<use prop_plots/65w65_eiz.png>
Package pdftex.def Info: prop_plots/65w65_eiz.png used on input line 69.
(pdftex.def)             Requested size: 193.1962pt x 144.73608pt.

Overfull \hbox (55.1983pt too wide) in paragraph at lines 69--70
 [] 
 []


! LaTeX Error: There's no line here to end.

See the LaTeX manual or LaTeX Companion for explanation.
Type  H <return>  for immediate help.
 ...                                              
                                                  
l.87 ...elta_{\parallel}^{(1,2)}(i \omega_n)} = \\
                                                  
? 
! Missing $ inserted.
<inserted text> 
                $
l.87 ...elta_{\parallel}^{(1,2)}(i \omega_n)} = \\
                                                  
? 
! Missing } inserted.
<inserted text> 
                }
l.87 ...elta_{\parallel}^{(1,2)}(i \omega_n)} = \\
                                                  
? 
! Display math should end with $$.
<to be read again> 
                   \@@par 
l.87 ...elta_{\parallel}^{(1,2)}(i \omega_n)} = \\
                                                  
? 
! Extra }, or forgotten \endgroup.
\par ...m \@noitemerr {\@@par }\fi \else {\@@par }
                                                  \fi 
l.87 ...elta_{\parallel}^{(1,2)}(i \omega_n)} = \\
                                                  
? 
! Missing $ inserted.
<inserted text> 
                $
l.88 ...)}(i \omega_n) -\epsilon_{m}(i \omega_n))}
                                                  
? 
! Extra }, or forgotten $.
<argument> ({{\epsilon ^{c}}
                            _{\perp }}^{(1,2)}(i \omega _n) -\epsilon _{m}(i...
l.88 ...)}(i \omega_n) -\epsilon_{m}(i \omega_n))}
                                                  
? 
! Extra }, or forgotten $.
<argument> ({{\epsilon ^{c}}_{\perp }}
                                      ^{(1,2)}(i \omega _n) -\epsilon _{m}(i...
l.88 ...)}(i \omega_n) -\epsilon_{m}(i \omega_n))}
                                                  
? 
! Double superscript.
<argument> ({{\epsilon ^{c}}_{\perp }}^
                                       {(1,2)}(i \omega _n) -\epsilon _{m}(i...
l.88 ...)}(i \omega_n) -\epsilon_{m}(i \omega_n))}
                                                  
? 
! Missing $ inserted.
<inserted text> 
                $
l.88 ...)}(i \omega_n) -\epsilon_{m}(i \omega_n))}
                                                  
? 
! Missing } inserted.
<inserted text> 
                }
l.88 ...)}(i \omega_n) -\epsilon_{m}(i \omega_n))}
                                                  
? 
! Missing } inserted.
<inserted text> 
                }
l.88 ...)}(i \omega_n) -\epsilon_{m}(i \omega_n))}
                                                  
? 
! Missing $ inserted.
<inserted text> 
                $
l.88 ...)}(i \omega_n) -\epsilon_{m}(i \omega_n))}
                                                  
? 
! Extra }, or forgotten $.
\frac  #1#2->{\begingroup #1\endgroup \@@over #2}
                                                 
l.88 ...)}(i \omega_n) -\epsilon_{m}(i \omega_n))}
                                                  
? 
! You can't use `\eqno' in math mode.
\endmathdisplay@a ...\df@tag \@empty \else \veqno 
                                                  \alt@tag \df@tag \fi \ifx ...
l.90 \end{equation}
                   
? 
! Missing $ inserted.
<inserted text> 
                $
l.90 \end{equation}
                   
? 
! Missing } inserted.
<inserted text> 
                }
l.90 \end{equation}
                   
? 
<prop_plots/90w90_eps2.png, id=26, 578.16pt x 433.62pt>
File: prop_plots/90w90_eps2.png Graphic file (type png)

<use prop_plots/90w90_eps2.png>
Package pdftex.def Info: prop_plots/90w90_eps2.png used on input line 95.
(pdftex.def)             Requested size: 193.1962pt x 144.89473pt.

Overfull \hbox (55.1983pt too wide) in paragraph at lines 95--96
 [] 
 []

<prop_plots/90w90_eiz.png, id=28, 578.16pt x 433.62pt>
File: prop_plots/90w90_eiz.png Graphic file (type png)

<use prop_plots/90w90_eiz.png>
Package pdftex.def Info: prop_plots/90w90_eiz.png used on input line 101.
(pdftex.def)             Requested size: 193.1962pt x 144.89473pt.

Overfull \hbox (55.1983pt too wide) in paragraph at lines 101--102
 [] 
 []

[3 <./prop_plots/65w65_eps2.png> <./prop_plots/65w65_eiz.png>]
Overfull \hbox (0.49258pt too wide) detected at line 122
\OML/cmm/m/it/10 a[]\OT1/cmr/m/n/10 (\OML/cmm/m/it/10 i![]\OT1/cmr/m/n/10 ) = [
] = 2[]
 []

<prop_plots/91w91_eps2.png, id=35, 1211.52625pt x 913.4125pt>
File: prop_plots/91w91_eps2.png Graphic file (type png)

<use prop_plots/91w91_eps2.png>
Package pdftex.def Info: prop_plots/91w91_eps2.png used on input line 128.
(pdftex.def)             Requested size: 193.1962pt x 145.64723pt.

Overfull \hbox (55.1983pt too wide) in paragraph at lines 128--129
 [] 
 []

<prop_plots/91w91_eiz.png, id=36, 1207.51125pt x 907.39pt>
File: prop_plots/91w91_eiz.png Graphic file (type png)

<use prop_plots/91w91_eiz.png>
Package pdftex.def Info: prop_plots/91w91_eiz.png used on input line 134.
(pdftex.def)             Requested size: 193.1962pt x 145.17151pt.

Overfull \hbox (55.1983pt too wide) in paragraph at lines 134--135
 [] 
 []

[4 <./prop_plots/90w90_eps2.png> <./prop_plots/90w90_eiz.png> <./prop_plots/91w
91_eps2.png> <./prop_plots/91w91_eiz.png>]
Overfull \hbox (0.49258pt too wide) detected at line 155
\OML/cmm/m/it/10 a[]\OT1/cmr/m/n/10 (\OML/cmm/m/it/10 i![]\OT1/cmr/m/n/10 ) = [
] = 2[]
 []

<prop_plots/93w93_eps2.png, id=42, 578.16pt x 433.62pt>
File: prop_plots/93w93_eps2.png Graphic file (type png)

<use prop_plots/93w93_eps2.png>
Package pdftex.def Info: prop_plots/93w93_eps2.png used on input line 160.
(pdftex.def)             Requested size: 193.1962pt x 144.89473pt.

Overfull \hbox (55.1983pt too wide) in paragraph at lines 160--161
 [] 
 []

<prop_plots/93w93_eiz.png, id=43, 578.16pt x 433.62pt>
File: prop_plots/93w93_eiz.png Graphic file (type png)

<use prop_plots/93w93_eiz.png>
Package pdftex.def Info: prop_plots/93w93_eiz.png used on input line 166.
(pdftex.def)             Requested size: 193.1962pt x 144.89473pt.

Overfull \hbox (55.1983pt too wide) in paragraph at lines 166--167
 [] 
 []


Overfull \hbox (0.49258pt too wide) detected at line 188
\OML/cmm/m/it/10 a[]\OT1/cmr/m/n/10 (\OML/cmm/m/it/10 i![]\OT1/cmr/m/n/10 ) = [
] = 2[]
 []

<prop_plots/290w290_eps2.png, id=44, 1214.5375pt x 910.40125pt>
File: prop_plots/290w290_eps2.png Graphic file (type png)

<use prop_plots/290w290_eps2.png>
Package pdftex.def Info: prop_plots/290w290_eps2.png used on input line 194.
(pdftex.def)             Requested size: 193.1962pt x 144.8059pt.

Overfull \hbox (55.1983pt too wide) in paragraph at lines 194--195
 [] 
 []

<prop_plots/290w290_eiz.png, id=45, 1217.54875pt x 906.38625pt>
File: prop_plots/290w290_eiz.png Graphic file (type png)

<use prop_plots/290w290_eiz.png>
Package pdftex.def Info: prop_plots/290w290_eiz.png used on input line 200.
(pdftex.def)             Requested size: 193.1962pt x 143.82152pt.

Overfull \hbox (55.1983pt too wide) in paragraph at lines 200--201
 [] 
 []

! Undefined control sequence.
l.309 \chapter
              {Fully retarded Hamaker Coefficients for Matsubara Sum}
? 

Overfull \hbox (1.99815pt too wide) detected at line 316
\OMS/cmsy/m/n/10 A[]\OT1/cmr/m/n/10 (\OML/cmm/m/it/10 `\OT1/cmr/m/n/10 ) = [][]
[]^^A[]^^A[] []\OML/cmm/m/it/10 p[]\OT1/cmr/m/n/10 (\OML/cmm/m/it/10 `\OT1/cmr/
m/n/10 ) [] [][] \OML/cmm/m/it/10 tdt [][][]\OT1/cmr/m/n/10 (\OML/cmm/m/it/10 t
; a[]\OT1/cmr/m/n/10 (\OML/cmm/m/it/10 i![]\OT1/cmr/m/n/10 )\OML/cmm/m/it/10 ; 
a[]\OT1/cmr/m/n/10 (\OML/cmm/m/it/10 i![]\OT1/cmr/m/n/10 ))
 []

[5 <./prop_plots/93w93_eps2.png> <./prop_plots/93w93_eiz.png>]
Overfull \hbox (11.4148pt too wide) detected at line 325
\OMS/cmsy/m/n/10 A[]\OT1/cmr/m/n/10 (\OML/cmm/m/it/10 `\OT1/cmr/m/n/10 ) = [][]
[]^^A[]^^A[] []\OML/cmm/m/it/10 p[]\OT1/cmr/m/n/10 (\OML/cmm/m/it/10 `\OT1/cmr/
m/n/10 ) [] [][] \OML/cmm/m/it/10 tdt [][][]\OT1/cmr/m/n/10 (\OML/cmm/m/it/10 t
; a[]\OT1/cmr/m/n/10 (\OML/cmm/m/it/10 i![]\OT1/cmr/m/n/10 )\OML/cmm/m/it/10 ; 
a[]\OT1/cmr/m/n/10 (\OML/cmm/m/it/10 i![]\OT1/cmr/m/n/10 )\OML/cmm/m/it/10 ; ^^
R\OT1/cmr/m/n/10 )
 []

[6 <./prop_plots/290w290_eps2.png> <./prop_plots/290w290_eiz.png>]
<large_N/65_A_vs_lrg_n.png, id=54, 1241.63875pt x 934.49126pt>
File: large_N/65_A_vs_lrg_n.png Graphic file (type png)

<use large_N/65_A_vs_lrg_n.png>
Package pdftex.def Info: large_N/65_A_vs_lrg_n.png used on input line 362.
(pdftex.def)             Requested size: 413.99895pt x 311.57712pt.

Overfull \hbox (68.99895pt too wide) in paragraph at lines 362--364
 [] 
 []


Overfull \hbox (1.99815pt too wide) detected at line 374
\OMS/cmsy/m/n/10 A[]\OT1/cmr/m/n/10 (\OML/cmm/m/it/10 `\OT1/cmr/m/n/10 ) = [][]
[]^^A[]^^A[] []\OML/cmm/m/it/10 p[]\OT1/cmr/m/n/10 (\OML/cmm/m/it/10 `\OT1/cmr/
m/n/10 ) [] [][] \OML/cmm/m/it/10 tdt [][][]\OT1/cmr/m/n/10 (\OML/cmm/m/it/10 t
; a[]\OT1/cmr/m/n/10 (\OML/cmm/m/it/10 i![]\OT1/cmr/m/n/10 )\OML/cmm/m/it/10 ; 
a[]\OT1/cmr/m/n/10 (\OML/cmm/m/it/10 i![]\OT1/cmr/m/n/10 ))
 []

[7 <./large_N/65_A_vs_lrg_n.png>]
Overfull \hbox (11.4148pt too wide) detected at line 397
\OMS/cmsy/m/n/10 A[]\OT1/cmr/m/n/10 (\OML/cmm/m/it/10 `\OT1/cmr/m/n/10 ) = [][]
[]^^A[]^^A[] []\OML/cmm/m/it/10 p[]\OT1/cmr/m/n/10 (\OML/cmm/m/it/10 `\OT1/cmr/
m/n/10 ) [] [][] \OML/cmm/m/it/10 tdt [][][]\OT1/cmr/m/n/10 (\OML/cmm/m/it/10 t
; a[]\OT1/cmr/m/n/10 (\OML/cmm/m/it/10 i![]\OT1/cmr/m/n/10 )\OML/cmm/m/it/10 ; 
a[]\OT1/cmr/m/n/10 (\OML/cmm/m/it/10 i![]\OT1/cmr/m/n/10 )\OML/cmm/m/it/10 ; ^^
R\OT1/cmr/m/n/10 )
 []


<large_N/140322_65w65_HCs_perpendicular_ret_lrg_n.png, id=60, 1236.62pt x 927.4
65pt>
File: large_N/140322_65w65_HCs_perpendicular_ret_lrg_n.png Graphic file (type p
ng)
 <use large_N/140322_65w65_HCs_perpendicular_ret_lrg_n.png>
Package pdftex.def Info: large_N/140322_65w65_HCs_perpendicular_ret_lrg_n.png u
sed on input line 409.
(pdftex.def)             Requested size: 413.99895pt x 310.49396pt.

Overfull \hbox (68.99895pt too wide) in paragraph at lines 409--411
 [] 
 []


Overfull \hbox (1.99815pt too wide) detected at line 421
\OMS/cmsy/m/n/10 A[]\OT1/cmr/m/n/10 (\OML/cmm/m/it/10 `\OT1/cmr/m/n/10 ) = [][]
[]^^A[]^^A[] []\OML/cmm/m/it/10 p[]\OT1/cmr/m/n/10 (\OML/cmm/m/it/10 `\OT1/cmr/
m/n/10 ) [] [][] \OML/cmm/m/it/10 tdt [][][]\OT1/cmr/m/n/10 (\OML/cmm/m/it/10 t
; a[]\OT1/cmr/m/n/10 (\OML/cmm/m/it/10 i![]\OT1/cmr/m/n/10 )\OML/cmm/m/it/10 ; 
a[]\OT1/cmr/m/n/10 (\OML/cmm/m/it/10 i![]\OT1/cmr/m/n/10 ))
 []

[8 <./large_N/140322_65w65_HCs_perpendicular_ret_lrg_n.png>]
Overfull \hbox (11.4148pt too wide) detected at line 443
\OMS/cmsy/m/n/10 A[]\OT1/cmr/m/n/10 (\OML/cmm/m/it/10 `\OT1/cmr/m/n/10 ) = [][]
[]^^A[]^^A[] []\OML/cmm/m/it/10 p[]\OT1/cmr/m/n/10 (\OML/cmm/m/it/10 `\OT1/cmr/
m/n/10 ) [] [][] \OML/cmm/m/it/10 tdt [][][]\OT1/cmr/m/n/10 (\OML/cmm/m/it/10 t
; a[]\OT1/cmr/m/n/10 (\OML/cmm/m/it/10 i![]\OT1/cmr/m/n/10 )\OML/cmm/m/it/10 ; 
a[]\OT1/cmr/m/n/10 (\OML/cmm/m/it/10 i![]\OT1/cmr/m/n/10 )\OML/cmm/m/it/10 ; ^^
R\OT1/cmr/m/n/10 )
 []


<large_N/140322_65w65_HCs_semilog_perpendicular_ret_lrg_n.png, id=64, 1237.6237
5pt x 925.4575pt>
File: large_N/140322_65w65_HCs_semilog_perpendicular_ret_lrg_n.png Graphic file
 (type png)

<use large_N/140322_65w65_HCs_semilog_perpendicular_ret_lrg_n.png>
Package pdftex.def Info: large_N/140322_65w65_HCs_semilog_perpendicular_ret_lrg
_n.png used on input line 454.
(pdftex.def)             Requested size: 413.99895pt x 309.58183pt.

Overfull \hbox (68.99895pt too wide) in paragraph at lines 454--456
 [] 
 []


Overfull \hbox (1.99815pt too wide) detected at line 466
\OMS/cmsy/m/n/10 A[]\OT1/cmr/m/n/10 (\OML/cmm/m/it/10 `\OT1/cmr/m/n/10 ) = [][]
[]^^A[]^^A[] []\OML/cmm/m/it/10 p[]\OT1/cmr/m/n/10 (\OML/cmm/m/it/10 `\OT1/cmr/
m/n/10 ) [] [][] \OML/cmm/m/it/10 tdt [][][]\OT1/cmr/m/n/10 (\OML/cmm/m/it/10 t
; a[]\OT1/cmr/m/n/10 (\OML/cmm/m/it/10 i![]\OT1/cmr/m/n/10 )\OML/cmm/m/it/10 ; 
a[]\OT1/cmr/m/n/10 (\OML/cmm/m/it/10 i![]\OT1/cmr/m/n/10 ))
 []


Overfull \hbox (11.4148pt too wide) detected at line 487
\OMS/cmsy/m/n/10 A[]\OT1/cmr/m/n/10 (\OML/cmm/m/it/10 `\OT1/cmr/m/n/10 ) = [][]
[]^^A[]^^A[] []\OML/cmm/m/it/10 p[]\OT1/cmr/m/n/10 (\OML/cmm/m/it/10 `\OT1/cmr/
m/n/10 ) [] [][] \OML/cmm/m/it/10 tdt [][][]\OT1/cmr/m/n/10 (\OML/cmm/m/it/10 t
; a[]\OT1/cmr/m/n/10 (\OML/cmm/m/it/10 i![]\OT1/cmr/m/n/10 )\OML/cmm/m/it/10 ; 
a[]\OT1/cmr/m/n/10 (\OML/cmm/m/it/10 i![]\OT1/cmr/m/n/10 )\OML/cmm/m/it/10 ; ^^
R\OT1/cmr/m/n/10 )
 []

<large_N/91_A_vs_lrg_n.png, id=65, 1236.62pt x 928.46875pt>
File: large_N/91_A_vs_lrg_n.png Graphic file (type png)

<use large_N/91_A_vs_lrg_n.png>
Package pdftex.def Info: large_N/91_A_vs_lrg_n.png used on input line 499.
(pdftex.def)             Requested size: 413.99895pt x 310.82999pt.

Overfull \hbox (68.99895pt too wide) in paragraph at lines 499--501
 [] 
 []


Overfull \hbox (1.99815pt too wide) detected at line 510
\OMS/cmsy/m/n/10 A[]\OT1/cmr/m/n/10 (\OML/cmm/m/it/10 `\OT1/cmr/m/n/10 ) = [][]
[]^^A[]^^A[] []\OML/cmm/m/it/10 p[]\OT1/cmr/m/n/10 (\OML/cmm/m/it/10 `\OT1/cmr/
m/n/10 ) [] [][] \OML/cmm/m/it/10 tdt [][][]\OT1/cmr/m/n/10 (\OML/cmm/m/it/10 t
; a[]\OT1/cmr/m/n/10 (\OML/cmm/m/it/10 i![]\OT1/cmr/m/n/10 )\OML/cmm/m/it/10 ; 
a[]\OT1/cmr/m/n/10 (\OML/cmm/m/it/10 i![]\OT1/cmr/m/n/10 ))
 []

[9]
Overfull \hbox (11.4148pt too wide) detected at line 531
\OMS/cmsy/m/n/10 A[]\OT1/cmr/m/n/10 (\OML/cmm/m/it/10 `\OT1/cmr/m/n/10 ) = [][]
[]^^A[]^^A[] []\OML/cmm/m/it/10 p[]\OT1/cmr/m/n/10 (\OML/cmm/m/it/10 `\OT1/cmr/
m/n/10 ) [] [][] \OML/cmm/m/it/10 tdt [][][]\OT1/cmr/m/n/10 (\OML/cmm/m/it/10 t
; a[]\OT1/cmr/m/n/10 (\OML/cmm/m/it/10 i![]\OT1/cmr/m/n/10 )\OML/cmm/m/it/10 ; 
a[]\OT1/cmr/m/n/10 (\OML/cmm/m/it/10 i![]\OT1/cmr/m/n/10 )\OML/cmm/m/it/10 ; ^^
R\OT1/cmr/m/n/10 )
 []

[10 <./large_N/140322_65w65_HCs_semilog_perpendicular_ret_lrg_n.png>]
<large_N/140322_91w91_HCs_perpendicular_ret_lrg_n.png, id=72, 1237.62375pt x 93
1.48pt>
File: large_N/140322_91w91_HCs_perpendicular_ret_lrg_n.png Graphic file (type p
ng)
 <use large_N/140322_91w91_HCs_perpendicular_ret_lrg_n.png>
Package pdftex.def Info: large_N/140322_91w91_HCs_perpendicular_ret_lrg_n.png u
sed on input line 542.
(pdftex.def)             Requested size: 413.99895pt x 311.59647pt.

Overfull \hbox (68.99895pt too wide) in paragraph at lines 542--544
 [] 
 []


Overfull \hbox (1.99815pt too wide) detected at line 553
\OMS/cmsy/m/n/10 A[]\OT1/cmr/m/n/10 (\OML/cmm/m/it/10 `\OT1/cmr/m/n/10 ) = [][]
[]^^A[]^^A[] []\OML/cmm/m/it/10 p[]\OT1/cmr/m/n/10 (\OML/cmm/m/it/10 `\OT1/cmr/
m/n/10 ) [] [][] \OML/cmm/m/it/10 tdt [][][]\OT1/cmr/m/n/10 (\OML/cmm/m/it/10 t
; a[]\OT1/cmr/m/n/10 (\OML/cmm/m/it/10 i![]\OT1/cmr/m/n/10 )\OML/cmm/m/it/10 ; 
a[]\OT1/cmr/m/n/10 (\OML/cmm/m/it/10 i![]\OT1/cmr/m/n/10 ))
 []


Overfull \hbox (11.4148pt too wide) detected at line 574
\OMS/cmsy/m/n/10 A[]\OT1/cmr/m/n/10 (\OML/cmm/m/it/10 `\OT1/cmr/m/n/10 ) = [][]
[]^^A[]^^A[] []\OML/cmm/m/it/10 p[]\OT1/cmr/m/n/10 (\OML/cmm/m/it/10 `\OT1/cmr/
m/n/10 ) [] [][] \OML/cmm/m/it/10 tdt [][][]\OT1/cmr/m/n/10 (\OML/cmm/m/it/10 t
; a[]\OT1/cmr/m/n/10 (\OML/cmm/m/it/10 i![]\OT1/cmr/m/n/10 )\OML/cmm/m/it/10 ; 
a[]\OT1/cmr/m/n/10 (\OML/cmm/m/it/10 i![]\OT1/cmr/m/n/10 )\OML/cmm/m/it/10 ; ^^
R\OT1/cmr/m/n/10 )
 []

[11 <./large_N/91_A_vs_lrg_n.png>]
<large_N/140322_91w91_semilog_HCs_perpendicular_ret_lrg_n.png, id=76, 1234.6125
pt x 926.46124pt>
File: large_N/140322_91w91_semilog_HCs_perpendicular_ret_lrg_n.png Graphic file
 (type png)

<use large_N/140322_91w91_semilog_HCs_perpendicular_ret_lrg_n.png>
Package pdftex.def Info: large_N/140322_91w91_semilog_HCs_perpendicular_ret_lrg
_n.png used on input line 585.
(pdftex.def)             Requested size: 413.99895pt x 310.66684pt.

Overfull \hbox (68.99895pt too wide) in paragraph at lines 585--587
 [] 
 []


Overfull \hbox (1.99815pt too wide) detected at line 597
\OMS/cmsy/m/n/10 A[]\OT1/cmr/m/n/10 (\OML/cmm/m/it/10 `\OT1/cmr/m/n/10 ) = [][]
[]^^A[]^^A[] []\OML/cmm/m/it/10 p[]\OT1/cmr/m/n/10 (\OML/cmm/m/it/10 `\OT1/cmr/
m/n/10 ) [] [][] \OML/cmm/m/it/10 tdt [][][]\OT1/cmr/m/n/10 (\OML/cmm/m/it/10 t
; a[]\OT1/cmr/m/n/10 (\OML/cmm/m/it/10 i![]\OT1/cmr/m/n/10 )\OML/cmm/m/it/10 ; 
a[]\OT1/cmr/m/n/10 (\OML/cmm/m/it/10 i![]\OT1/cmr/m/n/10 ))
 []

[12 <./large_N/140322_91w91_HCs_perpendicular_ret_lrg_n.png>]
Overfull \hbox (11.4148pt too wide) detected at line 618
\OMS/cmsy/m/n/10 A[]\OT1/cmr/m/n/10 (\OML/cmm/m/it/10 `\OT1/cmr/m/n/10 ) = [][]
[]^^A[]^^A[] []\OML/cmm/m/it/10 p[]\OT1/cmr/m/n/10 (\OML/cmm/m/it/10 `\OT1/cmr/
m/n/10 ) [] [][] \OML/cmm/m/it/10 tdt [][][]\OT1/cmr/m/n/10 (\OML/cmm/m/it/10 t
; a[]\OT1/cmr/m/n/10 (\OML/cmm/m/it/10 i![]\OT1/cmr/m/n/10 )\OML/cmm/m/it/10 ; 
a[]\OT1/cmr/m/n/10 (\OML/cmm/m/it/10 i![]\OT1/cmr/m/n/10 )\OML/cmm/m/it/10 ; ^^
R\OT1/cmr/m/n/10 )
 []

<plots/93_A_vs_n.png, id=80, 578.16pt x 433.62pt>
File: plots/93_A_vs_n.png Graphic file (type png)
 <use plots/93_A_vs_n.png>
Package pdftex.def Info: plots/93_A_vs_n.png used on input line 629.
(pdftex.def)             Requested size: 345.0pt x 258.74484pt.

Overfull \hbox (1.99815pt too wide) detected at line 639
\OMS/cmsy/m/n/10 A[]\OT1/cmr/m/n/10 (\OML/cmm/m/it/10 `\OT1/cmr/m/n/10 ) = [][]
[]^^A[]^^A[] []\OML/cmm/m/it/10 p[]\OT1/cmr/m/n/10 (\OML/cmm/m/it/10 `\OT1/cmr/
m/n/10 ) [] [][] \OML/cmm/m/it/10 tdt [][][]\OT1/cmr/m/n/10 (\OML/cmm/m/it/10 t
; a[]\OT1/cmr/m/n/10 (\OML/cmm/m/it/10 i![]\OT1/cmr/m/n/10 )\OML/cmm/m/it/10 ; 
a[]\OT1/cmr/m/n/10 (\OML/cmm/m/it/10 i![]\OT1/cmr/m/n/10 ))
 []

[13 <./large_N/140322_91w91_semilog_HCs_perpendicular_ret_lrg_n.png>]
Overfull \hbox (88.06029pt too wide) detected at line 645
[]\OT1/cmr/m/n/10 (\OML/cmm/m/it/10 t; a[]\OT1/cmr/m/n/10 (\OML/cmm/m/it/10 i![
]\OT1/cmr/m/n/10 )\OML/cmm/m/it/10 ; a[]\OT1/cmr/m/n/10 (\OML/cmm/m/it/10 i![]\
OT1/cmr/m/n/10 )) = 2 []
 []


Overfull \hbox (11.4148pt too wide) detected at line 651
\OMS/cmsy/m/n/10 A[]\OT1/cmr/m/n/10 (\OML/cmm/m/it/10 `\OT1/cmr/m/n/10 ) = [][]
[]^^A[]^^A[] []\OML/cmm/m/it/10 p[]\OT1/cmr/m/n/10 (\OML/cmm/m/it/10 `\OT1/cmr/
m/n/10 ) [] [][] \OML/cmm/m/it/10 tdt [][][]\OT1/cmr/m/n/10 (\OML/cmm/m/it/10 t
; a[]\OT1/cmr/m/n/10 (\OML/cmm/m/it/10 i![]\OT1/cmr/m/n/10 )\OML/cmm/m/it/10 ; 
a[]\OT1/cmr/m/n/10 (\OML/cmm/m/it/10 i![]\OT1/cmr/m/n/10 )\OML/cmm/m/it/10 ; ^^
R\OT1/cmr/m/n/10 )
 []

<plots/93_n0_A_vs_n.png, id=85, 578.16pt x 433.62pt>
File: plots/93_n0_A_vs_n.png Graphic file (type png)

<use plots/93_n0_A_vs_n.png>
Package pdftex.def Info: plots/93_n0_A_vs_n.png used on input line 662.
(pdftex.def)             Requested size: 345.0pt x 258.74484pt.

Overfull \hbox (1.99815pt too wide) detected at line 673
\OMS/cmsy/m/n/10 A[]\OT1/cmr/m/n/10 (\OML/cmm/m/it/10 `\OT1/cmr/m/n/10 ) = [][]
[]^^A[]^^A[] []\OML/cmm/m/it/10 p[]\OT1/cmr/m/n/10 (\OML/cmm/m/it/10 `\OT1/cmr/
m/n/10 ) [] [][] \OML/cmm/m/it/10 tdt [][][]\OT1/cmr/m/n/10 (\OML/cmm/m/it/10 t
; a[]\OT1/cmr/m/n/10 (\OML/cmm/m/it/10 i![]\OT1/cmr/m/n/10 )\OML/cmm/m/it/10 ; 
a[]\OT1/cmr/m/n/10 (\OML/cmm/m/it/10 i![]\OT1/cmr/m/n/10 ))
 []

[14 <./plots/93_A_vs_n.png>]
Overfull \hbox (11.4148pt too wide) detected at line 694
\OMS/cmsy/m/n/10 A[]\OT1/cmr/m/n/10 (\OML/cmm/m/it/10 `\OT1/cmr/m/n/10 ) = [][]
[]^^A[]^^A[] []\OML/cmm/m/it/10 p[]\OT1/cmr/m/n/10 (\OML/cmm/m/it/10 `\OT1/cmr/
m/n/10 ) [] [][] \OML/cmm/m/it/10 tdt [][][]\OT1/cmr/m/n/10 (\OML/cmm/m/it/10 t
; a[]\OT1/cmr/m/n/10 (\OML/cmm/m/it/10 i![]\OT1/cmr/m/n/10 )\OML/cmm/m/it/10 ; 
a[]\OT1/cmr/m/n/10 (\OML/cmm/m/it/10 i![]\OT1/cmr/m/n/10 )\OML/cmm/m/it/10 ; ^^
R\OT1/cmr/m/n/10 )
 []

<plots/140322_93w93_HCs_perpendicular_ret.png, id=91, 578.16pt x 433.62pt>
File: plots/140322_93w93_HCs_perpendicular_ret.png Graphic file (type png)

<use plots/140322_93w93_HCs_perpendicular_ret.png>
Package pdftex.def Info: plots/140322_93w93_HCs_perpendicular_ret.png used on i
nput line 705.
(pdftex.def)             Requested size: 345.0pt x 258.74484pt.

Overfull \hbox (1.99815pt too wide) detected at line 715
\OMS/cmsy/m/n/10 A[]\OT1/cmr/m/n/10 (\OML/cmm/m/it/10 `\OT1/cmr/m/n/10 ) = [][]
[]^^A[]^^A[] []\OML/cmm/m/it/10 p[]\OT1/cmr/m/n/10 (\OML/cmm/m/it/10 `\OT1/cmr/
m/n/10 ) [] [][] \OML/cmm/m/it/10 tdt [][][]\OT1/cmr/m/n/10 (\OML/cmm/m/it/10 t
; a[]\OT1/cmr/m/n/10 (\OML/cmm/m/it/10 i![]\OT1/cmr/m/n/10 )\OML/cmm/m/it/10 ; 
a[]\OT1/cmr/m/n/10 (\OML/cmm/m/it/10 i![]\OT1/cmr/m/n/10 ))
 []

[15 <./plots/93_n0_A_vs_n.png>]
Overfull \hbox (11.4148pt too wide) detected at line 736
\OMS/cmsy/m/n/10 A[]\OT1/cmr/m/n/10 (\OML/cmm/m/it/10 `\OT1/cmr/m/n/10 ) = [][]
[]^^A[]^^A[] []\OML/cmm/m/it/10 p[]\OT1/cmr/m/n/10 (\OML/cmm/m/it/10 `\OT1/cmr/
m/n/10 ) [] [][] \OML/cmm/m/it/10 tdt [][][]\OT1/cmr/m/n/10 (\OML/cmm/m/it/10 t
; a[]\OT1/cmr/m/n/10 (\OML/cmm/m/it/10 i![]\OT1/cmr/m/n/10 )\OML/cmm/m/it/10 ; 
a[]\OT1/cmr/m/n/10 (\OML/cmm/m/it/10 i![]\OT1/cmr/m/n/10 )\OML/cmm/m/it/10 ; ^^
R\OT1/cmr/m/n/10 )
 []

<plots/140322_93w93_HCs_n0_perpendicular_ret.png, id=96, 578.16pt x 433.62pt>
File: plots/140322_93w93_HCs_n0_perpendicular_ret.png Graphic file (type png)

<use plots/140322_93w93_HCs_n0_perpendicular_ret.png>
Package pdftex.def Info: plots/140322_93w93_HCs_n0_perpendicular_ret.png used o
n input line 747.
(pdftex.def)             Requested size: 345.0pt x 258.74484pt.

Overfull \hbox (1.99815pt too wide) detected at line 758
\OMS/cmsy/m/n/10 A[]\OT1/cmr/m/n/10 (\OML/cmm/m/it/10 `\OT1/cmr/m/n/10 ) = [][]
[]^^A[]^^A[] []\OML/cmm/m/it/10 p[]\OT1/cmr/m/n/10 (\OML/cmm/m/it/10 `\OT1/cmr/
m/n/10 ) [] [][] \OML/cmm/m/it/10 tdt [][][]\OT1/cmr/m/n/10 (\OML/cmm/m/it/10 t
; a[]\OT1/cmr/m/n/10 (\OML/cmm/m/it/10 i![]\OT1/cmr/m/n/10 )\OML/cmm/m/it/10 ; 
a[]\OT1/cmr/m/n/10 (\OML/cmm/m/it/10 i![]\OT1/cmr/m/n/10 ))
 []

[16 <./plots/140322_93w93_HCs_perpendicular_ret.png>]
Overfull \hbox (11.4148pt too wide) detected at line 779
\OMS/cmsy/m/n/10 A[]\OT1/cmr/m/n/10 (\OML/cmm/m/it/10 `\OT1/cmr/m/n/10 ) = [][]
[]^^A[]^^A[] []\OML/cmm/m/it/10 p[]\OT1/cmr/m/n/10 (\OML/cmm/m/it/10 `\OT1/cmr/
m/n/10 ) [] [][] \OML/cmm/m/it/10 tdt [][][]\OT1/cmr/m/n/10 (\OML/cmm/m/it/10 t
; a[]\OT1/cmr/m/n/10 (\OML/cmm/m/it/10 i![]\OT1/cmr/m/n/10 )\OML/cmm/m/it/10 ; 
a[]\OT1/cmr/m/n/10 (\OML/cmm/m/it/10 i![]\OT1/cmr/m/n/10 )\OML/cmm/m/it/10 ; ^^
R\OT1/cmr/m/n/10 )
 []


<plots/140322_93w93_HCs_semilog_perpendicular_ret.png, id=101, 578.16pt x 433.6
2pt>
File: plots/140322_93w93_HCs_semilog_perpendicular_ret.png Graphic file (type p
ng)
 <use plots/140322_93w93_HCs_semilog_perpendicular_ret.png>
Package pdftex.def Info: plots/140322_93w93_HCs_semilog_perpendicular_ret.png u
sed on input line 790.
(pdftex.def)             Requested size: 345.0pt x 258.74484pt.

Overfull \hbox (1.99815pt too wide) detected at line 800
\OMS/cmsy/m/n/10 A[]\OT1/cmr/m/n/10 (\OML/cmm/m/it/10 `\OT1/cmr/m/n/10 ) = [][]
[]^^A[]^^A[] []\OML/cmm/m/it/10 p[]\OT1/cmr/m/n/10 (\OML/cmm/m/it/10 `\OT1/cmr/
m/n/10 ) [] [][] \OML/cmm/m/it/10 tdt [][][]\OT1/cmr/m/n/10 (\OML/cmm/m/it/10 t
; a[]\OT1/cmr/m/n/10 (\OML/cmm/m/it/10 i![]\OT1/cmr/m/n/10 )\OML/cmm/m/it/10 ; 
a[]\OT1/cmr/m/n/10 (\OML/cmm/m/it/10 i![]\OT1/cmr/m/n/10 ))
 []

[17 <./plots/140322_93w93_HCs_n0_perpendicular_ret.png>]
Overfull \hbox (11.4148pt too wide) detected at line 821
\OMS/cmsy/m/n/10 A[]\OT1/cmr/m/n/10 (\OML/cmm/m/it/10 `\OT1/cmr/m/n/10 ) = [][]
[]^^A[]^^A[] []\OML/cmm/m/it/10 p[]\OT1/cmr/m/n/10 (\OML/cmm/m/it/10 `\OT1/cmr/
m/n/10 ) [] [][] \OML/cmm/m/it/10 tdt [][][]\OT1/cmr/m/n/10 (\OML/cmm/m/it/10 t
; a[]\OT1/cmr/m/n/10 (\OML/cmm/m/it/10 i![]\OT1/cmr/m/n/10 )\OML/cmm/m/it/10 ; 
a[]\OT1/cmr/m/n/10 (\OML/cmm/m/it/10 i![]\OT1/cmr/m/n/10 )\OML/cmm/m/it/10 ; ^^
R\OT1/cmr/m/n/10 )
 []


<plots/140322_93w93_HCs_n0_semilog_perpendicular_ret.png, id=106, 578.16pt x 43
3.62pt>
File: plots/140322_93w93_HCs_n0_semilog_perpendicular_ret.png Graphic file (typ
e png)
 <use plots/140322_93w93_HCs_n0_semilog_perpendicular_ret.png>
Package pdftex.def Info: plots/140322_93w93_HCs_n0_semilog_perpendicular_ret.pn
g used on input line 832.
(pdftex.def)             Requested size: 345.0pt x 258.74484pt.

Overfull \hbox (1.99815pt too wide) detected at line 844
\OMS/cmsy/m/n/10 A[]\OT1/cmr/m/n/10 (\OML/cmm/m/it/10 `\OT1/cmr/m/n/10 ) = [][]
[]^^A[]^^A[] []\OML/cmm/m/it/10 p[]\OT1/cmr/m/n/10 (\OML/cmm/m/it/10 `\OT1/cmr/
m/n/10 ) [] [][] \OML/cmm/m/it/10 tdt [][][]\OT1/cmr/m/n/10 (\OML/cmm/m/it/10 t
; a[]\OT1/cmr/m/n/10 (\OML/cmm/m/it/10 i![]\OT1/cmr/m/n/10 )\OML/cmm/m/it/10 ; 
a[]\OT1/cmr/m/n/10 (\OML/cmm/m/it/10 i![]\OT1/cmr/m/n/10 ))
 []

[18 <./plots/140322_93w93_HCs_semilog_perpendicular_ret.png>]
Overfull \hbox (11.4148pt too wide) detected at line 865
\OMS/cmsy/m/n/10 A[]\OT1/cmr/m/n/10 (\OML/cmm/m/it/10 `\OT1/cmr/m/n/10 ) = [][]
[]^^A[]^^A[] []\OML/cmm/m/it/10 p[]\OT1/cmr/m/n/10 (\OML/cmm/m/it/10 `\OT1/cmr/
m/n/10 ) [] [][] \OML/cmm/m/it/10 tdt [][][]\OT1/cmr/m/n/10 (\OML/cmm/m/it/10 t
; a[]\OT1/cmr/m/n/10 (\OML/cmm/m/it/10 i![]\OT1/cmr/m/n/10 )\OML/cmm/m/it/10 ; 
a[]\OT1/cmr/m/n/10 (\OML/cmm/m/it/10 i![]\OT1/cmr/m/n/10 )\OML/cmm/m/it/10 ; ^^
R\OT1/cmr/m/n/10 )
 []

<large_N/290_A_vs_lrg_n.png, id=111, 1238.6275pt x 927.465pt>
File: large_N/290_A_vs_lrg_n.png Graphic file (type png)

<use large_N/290_A_vs_lrg_n.png>
Package pdftex.def Info: large_N/290_A_vs_lrg_n.png used on input line 877.
(pdftex.def)             Requested size: 413.99895pt x 309.99864pt.

Overfull \hbox (68.99895pt too wide) in paragraph at lines 877--879
 [] 
 []


Overfull \hbox (1.99815pt too wide) detected at line 888
\OMS/cmsy/m/n/10 A[]\OT1/cmr/m/n/10 (\OML/cmm/m/it/10 `\OT1/cmr/m/n/10 ) = [][]
[]^^A[]^^A[] []\OML/cmm/m/it/10 p[]\OT1/cmr/m/n/10 (\OML/cmm/m/it/10 `\OT1/cmr/
m/n/10 ) [] [][] \OML/cmm/m/it/10 tdt [][][]\OT1/cmr/m/n/10 (\OML/cmm/m/it/10 t
; a[]\OT1/cmr/m/n/10 (\OML/cmm/m/it/10 i![]\OT1/cmr/m/n/10 )\OML/cmm/m/it/10 ; 
a[]\OT1/cmr/m/n/10 (\OML/cmm/m/it/10 i![]\OT1/cmr/m/n/10 ))
 []

[19 <./plots/140322_93w93_HCs_n0_semilog_perpendicular_ret.png>]
Overfull \hbox (11.4148pt too wide) detected at line 909
\OMS/cmsy/m/n/10 A[]\OT1/cmr/m/n/10 (\OML/cmm/m/it/10 `\OT1/cmr/m/n/10 ) = [][]
[]^^A[]^^A[] []\OML/cmm/m/it/10 p[]\OT1/cmr/m/n/10 (\OML/cmm/m/it/10 `\OT1/cmr/
m/n/10 ) [] [][] \OML/cmm/m/it/10 tdt [][][]\OT1/cmr/m/n/10 (\OML/cmm/m/it/10 t
; a[]\OT1/cmr/m/n/10 (\OML/cmm/m/it/10 i![]\OT1/cmr/m/n/10 )\OML/cmm/m/it/10 ; 
a[]\OT1/cmr/m/n/10 (\OML/cmm/m/it/10 i![]\OT1/cmr/m/n/10 )\OML/cmm/m/it/10 ; ^^
R\OT1/cmr/m/n/10 )
 []

[20 <./large_N/290_A_vs_lrg_n.png>]
<large_N/140322_290w290_HCs_perpendicular_ret_lrg_n.png, id=120, 1236.62pt x 92
7.465pt>
File: large_N/140322_290w290_HCs_perpendicular_ret_lrg_n.png Graphic file (type
 png)
 <use large_N/140322_290w290_HCs_perpendicular_ret_lrg_n.png>
Package pdftex.def Info: large_N/140322_290w290_HCs_perpendicular_ret_lrg_n.png
 used on input line 920.
(pdftex.def)             Requested size: 413.99895pt x 310.49396pt.

Overfull \hbox (68.99895pt too wide) in paragraph at lines 920--922
 [] 
 []


Overfull \hbox (1.99815pt too wide) detected at line 931
\OMS/cmsy/m/n/10 A[]\OT1/cmr/m/n/10 (\OML/cmm/m/it/10 `\OT1/cmr/m/n/10 ) = [][]
[]^^A[]^^A[] []\OML/cmm/m/it/10 p[]\OT1/cmr/m/n/10 (\OML/cmm/m/it/10 `\OT1/cmr/
m/n/10 ) [] [][] \OML/cmm/m/it/10 tdt [][][]\OT1/cmr/m/n/10 (\OML/cmm/m/it/10 t
; a[]\OT1/cmr/m/n/10 (\OML/cmm/m/it/10 i![]\OT1/cmr/m/n/10 )\OML/cmm/m/it/10 ; 
a[]\OT1/cmr/m/n/10 (\OML/cmm/m/it/10 i![]\OT1/cmr/m/n/10 ))
 []


Overfull \hbox (11.4148pt too wide) detected at line 952
\OMS/cmsy/m/n/10 A[]\OT1/cmr/m/n/10 (\OML/cmm/m/it/10 `\OT1/cmr/m/n/10 ) = [][]
[]^^A[]^^A[] []\OML/cmm/m/it/10 p[]\OT1/cmr/m/n/10 (\OML/cmm/m/it/10 `\OT1/cmr/
m/n/10 ) [] [][] \OML/cmm/m/it/10 tdt [][][]\OT1/cmr/m/n/10 (\OML/cmm/m/it/10 t
; a[]\OT1/cmr/m/n/10 (\OML/cmm/m/it/10 i![]\OT1/cmr/m/n/10 )\OML/cmm/m/it/10 ; 
a[]\OT1/cmr/m/n/10 (\OML/cmm/m/it/10 i![]\OT1/cmr/m/n/10 )\OML/cmm/m/it/10 ; ^^
R\OT1/cmr/m/n/10 )
 []

[21 <./large_N/140322_290w290_HCs_perpendicular_ret_lrg_n.png>]
<large_N/140322_290w290_HCs_semilog_perpendicular_ret_lrg_n.png, id=124, 1241.6
3875pt x 925.4575pt>
File: large_N/140322_290w290_HCs_semilog_perpendicular_ret_lrg_n.png Graphic fi
le (type png)

<use large_N/140322_290w290_HCs_semilog_perpendicular_ret_lrg_n.png>
Package pdftex.def Info: large_N/140322_290w290_HCs_semilog_perpendicular_ret_l
rg_n.png used on input line 963.
(pdftex.def)             Requested size: 413.99895pt x 308.5651pt.

Overfull \hbox (68.99895pt too wide) in paragraph at lines 963--965
 [] 
 []

! Undefined control sequence.
l.971 \chapter
              {Knee in plots of $\mathcal{A}^{(0)}$ as a function of separat...

? 

Overfull \hbox (1.99815pt too wide) detected at line 977
\OMS/cmsy/m/n/10 A[]\OT1/cmr/m/n/10 (\OML/cmm/m/it/10 `\OT1/cmr/m/n/10 ) = [][]
[]^^A[]^^A[] []\OML/cmm/m/it/10 p[]\OT1/cmr/m/n/10 (\OML/cmm/m/it/10 `\OT1/cmr/
m/n/10 ) [] [][] \OML/cmm/m/it/10 tdt [][][]\OT1/cmr/m/n/10 (\OML/cmm/m/it/10 t
; a[]\OT1/cmr/m/n/10 (\OML/cmm/m/it/10 i![]\OT1/cmr/m/n/10 )\OML/cmm/m/it/10 ; 
a[]\OT1/cmr/m/n/10 (\OML/cmm/m/it/10 i![]\OT1/cmr/m/n/10 ))
 []

[22 <./large_N/140322_290w290_HCs_semilog_perpendicular_ret_lrg_n.png>]
Overfull \hbox (11.4148pt too wide) detected at line 998
\OMS/cmsy/m/n/10 A[]\OT1/cmr/m/n/10 (\OML/cmm/m/it/10 `\OT1/cmr/m/n/10 ) = [][]
[]^^A[]^^A[] []\OML/cmm/m/it/10 p[]\OT1/cmr/m/n/10 (\OML/cmm/m/it/10 `\OT1/cmr/
m/n/10 ) [] [][] \OML/cmm/m/it/10 tdt [][][]\OT1/cmr/m/n/10 (\OML/cmm/m/it/10 t
; a[]\OT1/cmr/m/n/10 (\OML/cmm/m/it/10 i![]\OT1/cmr/m/n/10 )\OML/cmm/m/it/10 ; 
a[]\OT1/cmr/m/n/10 (\OML/cmm/m/it/10 i![]\OT1/cmr/m/n/10 )\OML/cmm/m/it/10 ; ^^
R\OT1/cmr/m/n/10 )
 []

File: plots/140322_93w93_HCs_perpendicular_ret.png Graphic file (type png)
<use plots/140322_93w93_HCs_perpendicular_ret.png>
Package pdftex.def Info: plots/140322_93w93_HCs_perpendicular_ret.png used on i
nput line 1009.
(pdftex.def)             Requested size: 413.99895pt x 310.4991pt.

Overfull \hbox (68.99895pt too wide) in paragraph at lines 1009--1011
 [] 
 []


Overfull \hbox (1.99815pt too wide) detected at line 1021
\OMS/cmsy/m/n/10 A[]\OT1/cmr/m/n/10 (\OML/cmm/m/it/10 `\OT1/cmr/m/n/10 ) = [][]
[]^^A[]^^A[] []\OML/cmm/m/it/10 p[]\OT1/cmr/m/n/10 (\OML/cmm/m/it/10 `\OT1/cmr/
m/n/10 ) [] [][] \OML/cmm/m/it/10 tdt [][][]\OT1/cmr/m/n/10 (\OML/cmm/m/it/10 t
; a[]\OT1/cmr/m/n/10 (\OML/cmm/m/it/10 i![]\OT1/cmr/m/n/10 )\OML/cmm/m/it/10 ; 
a[]\OT1/cmr/m/n/10 (\OML/cmm/m/it/10 i![]\OT1/cmr/m/n/10 ))
 []

[23]
Overfull \hbox (88.06029pt too wide) detected at line 1027
[]\OT1/cmr/m/n/10 (\OML/cmm/m/it/10 t; a[]\OT1/cmr/m/n/10 (\OML/cmm/m/it/10 i![
]\OT1/cmr/m/n/10 )\OML/cmm/m/it/10 ; a[]\OT1/cmr/m/n/10 (\OML/cmm/m/it/10 i![]\
OT1/cmr/m/n/10 )) = 2 []
 []


Overfull \hbox (11.4148pt too wide) detected at line 1033
\OMS/cmsy/m/n/10 A[]\OT1/cmr/m/n/10 (\OML/cmm/m/it/10 `\OT1/cmr/m/n/10 ) = [][]
[]^^A[]^^A[] []\OML/cmm/m/it/10 p[]\OT1/cmr/m/n/10 (\OML/cmm/m/it/10 `\OT1/cmr/
m/n/10 ) [] [][] \OML/cmm/m/it/10 tdt [][][]\OT1/cmr/m/n/10 (\OML/cmm/m/it/10 t
; a[]\OT1/cmr/m/n/10 (\OML/cmm/m/it/10 i![]\OT1/cmr/m/n/10 )\OML/cmm/m/it/10 ; 
a[]\OT1/cmr/m/n/10 (\OML/cmm/m/it/10 i![]\OT1/cmr/m/n/10 )\OML/cmm/m/it/10 ; ^^
R\OT1/cmr/m/n/10 )
 []

<plots/grad_A0_65.png, id=131, 578.16pt x 433.62pt>
File: plots/grad_A0_65.png Graphic file (type png)
 <use plots/grad_A0_65.png>
Package pdftex.def Info: plots/grad_A0_65.png used on input line 1067.
(pdftex.def)             Requested size: 482.9979pt x 362.24675pt.

Overfull \hbox (137.9979pt too wide) in paragraph at lines 1067--1072
 [] 
 []

<plots/grad_A0_91.png, id=132, 578.16pt x 433.62pt>
File: plots/grad_A0_91.png Graphic file (type png)
 <use plots/grad_A0_91.png>
Package pdftex.def Info: plots/grad_A0_91.png used on input line 1079.
(pdftex.def)             Requested size: 482.9979pt x 362.24675pt.

Overfull \hbox (137.9979pt too wide) in paragraph at lines 1079--1084
 [] 
 []

<plots/grad_A0_93.png, id=133, 578.16pt x 433.62pt>
File: plots/grad_A0_93.png Graphic file (type png)
 <use plots/grad_A0_93.png>
Package pdftex.def Info: plots/grad_A0_93.png used on input line 1091.
(pdftex.def)             Requested size: 482.9979pt x 362.24675pt.

Overfull \hbox (137.9979pt too wide) in paragraph at lines 1091--1096
 [] 
 []

<plots/grad_A0_290.png, id=134, 578.16pt x 433.62pt>
File: plots/grad_A0_290.png Graphic file (type png)

<use plots/grad_A0_290.png>
Package pdftex.def Info: plots/grad_A0_290.png used on input line 1103.
(pdftex.def)             Requested size: 482.9979pt x 362.24675pt.

Overfull \hbox (137.9979pt too wide) in paragraph at lines 1103--1108
 [] 
 []

<plots/A0_wire2_0.png, id=135, 578.16pt x 433.62pt>
File: plots/A0_wire2_0.png Graphic file (type png)
 <use plots/A0_wire2_0.png>
Package pdftex.def Info: plots/A0_wire2_0.png used on input line 1117.
(pdftex.def)             Requested size: 413.99895pt x 310.4991pt.

Overfull \hbox (68.99895pt too wide) in paragraph at lines 1117--1119
 [] 
 []

<plots/A0_wire2_1.png, id=136, 578.16pt x 433.62pt>
File: plots/A0_wire2_1.png Graphic file (type png)
 <use plots/A0_wire2_1.png>
Package pdftex.def Info: plots/A0_wire2_1.png used on input line 1126.
(pdftex.def)             Requested size: 413.99895pt x 310.4991pt.

Overfull \hbox (68.99895pt too wide) in paragraph at lines 1126--1129
 [] 
 []

<plots/A0_wire2_2.png, id=137, 578.16pt x 433.62pt>
File: plots/A0_wire2_2.png Graphic file (type png)
 <use plots/A0_wire2_2.png>
Package pdftex.def Info: plots/A0_wire2_2.png used on input line 1136.
(pdftex.def)             Requested size: 413.99895pt x 310.4991pt.

Overfull \hbox (68.99895pt too wide) in paragraph at lines 1136--1139
 [] 
 []

<plots/A0_wire2_3.png, id=138, 578.16pt x 433.62pt>
File: plots/A0_wire2_3.png Graphic file (type png)
 <use plots/A0_wire2_3.png>
Package pdftex.def Info: plots/A0_wire2_3.png used on input line 1147.
(pdftex.def)             Requested size: 413.99895pt x 310.4991pt.

Overfull \hbox (68.99895pt too wide) in paragraph at lines 1147--1149
 [] 
 []

! Undefined control sequence.
l.1177 \chapter
               {Surface plots for Hamaker Coefficients as function of angle and

? 

Overfull \hbox (1.99815pt too wide) detected at line 1186
\OMS/cmsy/m/n/10 A[]\OT1/cmr/m/n/10 (\OML/cmm/m/it/10 `\OT1/cmr/m/n/10 ) = [][]
[]^^A[]^^A[] []\OML/cmm/m/it/10 p[]\OT1/cmr/m/n/10 (\OML/cmm/m/it/10 `\OT1/cmr/
m/n/10 ) [] [][] \OML/cmm/m/it/10 tdt [][][]\OT1/cmr/m/n/10 (\OML/cmm/m/it/10 t
; a[]\OT1/cmr/m/n/10 (\OML/cmm/m/it/10 i![]\OT1/cmr/m/n/10 )\OML/cmm/m/it/10 ; 
a[]\OT1/cmr/m/n/10 (\OML/cmm/m/it/10 i![]\OT1/cmr/m/n/10 ))
 []


Overfull \hbox (88.06029pt too wide) detected at line 1192
[]\OT1/cmr/m/n/10 (\OML/cmm/m/it/10 t; a[]\OT1/cmr/m/n/10 (\OML/cmm/m/it/10 i![
]\OT1/cmr/m/n/10 )\OML/cmm/m/it/10 ; a[]\OT1/cmr/m/n/10 (\OML/cmm/m/it/10 i![]\
OT1/cmr/m/n/10 )) = 2 []
 []


Overfull \hbox (11.4148pt too wide) detected at line 1198
\OMS/cmsy/m/n/10 A[]\OT1/cmr/m/n/10 (\OML/cmm/m/it/10 `\OT1/cmr/m/n/10 ) = [][]
[]^^A[]^^A[] []\OML/cmm/m/it/10 p[]\OT1/cmr/m/n/10 (\OML/cmm/m/it/10 `\OT1/cmr/
m/n/10 ) [] [][] \OML/cmm/m/it/10 tdt [][][]\OT1/cmr/m/n/10 (\OML/cmm/m/it/10 t
; a[]\OT1/cmr/m/n/10 (\OML/cmm/m/it/10 i![]\OT1/cmr/m/n/10 )\OML/cmm/m/it/10 ; 
a[]\OT1/cmr/m/n/10 (\OML/cmm/m/it/10 i![]\OT1/cmr/m/n/10 )\OML/cmm/m/it/10 ; ^^
R\OT1/cmr/m/n/10 )
 []

[24] <plots/A0_65_91_290_srw.png, id=143, 1734.48pt x 875.1897pt>
File: plots/A0_65_91_290_srw.png Graphic file (type png)

<use plots/A0_65_91_290_srw.png>
Package pdftex.def Info: plots/A0_65_91_290_srw.png used on input line 1209.
(pdftex.def)             Requested size: 517.5pt x 261.11667pt.

Overfull \hbox (172.5pt too wide) in paragraph at lines 1209--1212
 [] 
 []


Overfull \hbox (1.99815pt too wide) detected at line 1221
\OMS/cmsy/m/n/10 A[]\OT1/cmr/m/n/10 (\OML/cmm/m/it/10 `\OT1/cmr/m/n/10 ) = [][]
[]^^A[]^^A[] []\OML/cmm/m/it/10 p[]\OT1/cmr/m/n/10 (\OML/cmm/m/it/10 `\OT1/cmr/
m/n/10 ) [] [][] \OML/cmm/m/it/10 tdt [][][]\OT1/cmr/m/n/10 (\OML/cmm/m/it/10 t
; a[]\OT1/cmr/m/n/10 (\OML/cmm/m/it/10 i![]\OT1/cmr/m/n/10 )\OML/cmm/m/it/10 ; 
a[]\OT1/cmr/m/n/10 (\OML/cmm/m/it/10 i![]\OT1/cmr/m/n/10 ))
 []

[25 <./plots/grad_A0_65.png>]
Overfull \hbox (88.06029pt too wide) detected at line 1227
[]\OT1/cmr/m/n/10 (\OML/cmm/m/it/10 t; a[]\OT1/cmr/m/n/10 (\OML/cmm/m/it/10 i![
]\OT1/cmr/m/n/10 )\OML/cmm/m/it/10 ; a[]\OT1/cmr/m/n/10 (\OML/cmm/m/it/10 i![]\
OT1/cmr/m/n/10 )) = 2 []
 []


Overfull \hbox (11.4148pt too wide) detected at line 1233
\OMS/cmsy/m/n/10 A[]\OT1/cmr/m/n/10 (\OML/cmm/m/it/10 `\OT1/cmr/m/n/10 ) = [][]
[]^^A[]^^A[] []\OML/cmm/m/it/10 p[]\OT1/cmr/m/n/10 (\OML/cmm/m/it/10 `\OT1/cmr/
m/n/10 ) [] [][] \OML/cmm/m/it/10 tdt [][][]\OT1/cmr/m/n/10 (\OML/cmm/m/it/10 t
; a[]\OT1/cmr/m/n/10 (\OML/cmm/m/it/10 i![]\OT1/cmr/m/n/10 )\OML/cmm/m/it/10 ; 
a[]\OT1/cmr/m/n/10 (\OML/cmm/m/it/10 i![]\OT1/cmr/m/n/10 )\OML/cmm/m/it/10 ; ^^
R\OT1/cmr/m/n/10 )
 []

[26 <./plots/grad_A0_91.png>]
<plots/A2_65_91_290_srw.png, id=153, 1734.48pt x 875.1897pt>
File: plots/A2_65_91_290_srw.png Graphic file (type png)

<use plots/A2_65_91_290_srw.png>
Package pdftex.def Info: plots/A2_65_91_290_srw.png used on input line 1244.
(pdftex.def)             Requested size: 517.5pt x 261.11667pt.

Overfull \hbox (172.5pt too wide) in paragraph at lines 1244--1246
 [] 
 []


Overfull \hbox (1.99815pt too wide) detected at line 1255
\OMS/cmsy/m/n/10 A[]\OT1/cmr/m/n/10 (\OML/cmm/m/it/10 `\OT1/cmr/m/n/10 ) = [][]
[]^^A[]^^A[] []\OML/cmm/m/it/10 p[]\OT1/cmr/m/n/10 (\OML/cmm/m/it/10 `\OT1/cmr/
m/n/10 ) [] [][] \OML/cmm/m/it/10 tdt [][][]\OT1/cmr/m/n/10 (\OML/cmm/m/it/10 t
; a[]\OT1/cmr/m/n/10 (\OML/cmm/m/it/10 i![]\OT1/cmr/m/n/10 )\OML/cmm/m/it/10 ; 
a[]\OT1/cmr/m/n/10 (\OML/cmm/m/it/10 i![]\OT1/cmr/m/n/10 ))
 []

[27 <./plots/grad_A0_93.png>]
Overfull \hbox (88.06029pt too wide) detected at line 1261
[]\OT1/cmr/m/n/10 (\OML/cmm/m/it/10 t; a[]\OT1/cmr/m/n/10 (\OML/cmm/m/it/10 i![
]\OT1/cmr/m/n/10 )\OML/cmm/m/it/10 ; a[]\OT1/cmr/m/n/10 (\OML/cmm/m/it/10 i![]\
OT1/cmr/m/n/10 )) = 2 []
 []


Overfull \hbox (11.4148pt too wide) detected at line 1267
\OMS/cmsy/m/n/10 A[]\OT1/cmr/m/n/10 (\OML/cmm/m/it/10 `\OT1/cmr/m/n/10 ) = [][]
[]^^A[]^^A[] []\OML/cmm/m/it/10 p[]\OT1/cmr/m/n/10 (\OML/cmm/m/it/10 `\OT1/cmr/
m/n/10 ) [] [][] \OML/cmm/m/it/10 tdt [][][]\OT1/cmr/m/n/10 (\OML/cmm/m/it/10 t
; a[]\OT1/cmr/m/n/10 (\OML/cmm/m/it/10 i![]\OT1/cmr/m/n/10 )\OML/cmm/m/it/10 ; 
a[]\OT1/cmr/m/n/10 (\OML/cmm/m/it/10 i![]\OT1/cmr/m/n/10 )\OML/cmm/m/it/10 ; ^^
R\OT1/cmr/m/n/10 )
 []

[28 <./plots/grad_A0_290.png>]
<plots/A_65_91_290_srw.png, id=162, 1734.48pt x 875.1897pt>
File: plots/A_65_91_290_srw.png Graphic file (type png)

<use plots/A_65_91_290_srw.png>
Package pdftex.def Info: plots/A_65_91_290_srw.png used on input line 1278.
(pdftex.def)             Requested size: 517.5pt x 261.11667pt.

Overfull \hbox (172.5pt too wide) in paragraph at lines 1278--1280
 [] 
 []

! Undefined control sequence.
l.1301 \chapter
               {Tables}
? 

Overfull \hbox (60.02417pt too wide) in paragraph at lines 1328--1345
 [][] 
 []

Missing character: There is no  in font cmr10!
Missing character: There is no  in font cmr10!
Missing character: There is no  in font cmr10!
[29 <./plots/A0_wire2_0.png>]

! LaTeX Error: \begin{center} on input line 34 ended by \end{document}.

See the LaTeX manual or LaTeX Companion for explanation.
Type  H <return>  for immediate help.
 ...                                              
                                                  
l.1397 \end{document}
                     
? 
[30 <./plots/A0_wire2_1.png>] [31 <./plots/A0_wire2_2.png>] [32 <./plots/A0_wir
e2_3.png>] [33 <./plots/A0_65_91_290_srw.png>] [34 <./plots/A2_65_91_290_srw.pn
g>] [35 <./plots/A_65_91_290_srw.png>] (./140513_summary_with_inflects.aux)

LaTeX Warning: There were multiply-defined labels.

 )
(\end occurred inside a group at level 1)

### semi simple group (level 1) entered at line 34 (\begingroup)
### bottom level 
Here is how much of TeX's memory you used:
 2954 strings out of 495028
 42729 string characters out of 6181498
 98347 words of memory out of 5000000
 6068 multiletter control sequences out of 15000+600000
 14910 words of font info for 58 fonts, out of 8000000 for 9000
 14 hyphenation exceptions out of 8191
 38i,10n,26p,608b,431s stack positions out of 5000i,500n,10000p,200000b,80000s
</usr/share/texlive/texmf-dist/fonts/type1/public/amsfonts/cm/c
mbx10.pfb></usr/share/texlive/texmf-dist/fonts/type1/public/amsfonts/cm/cmbx12.
pfb></usr/share/texlive/texmf-dist/fonts/type1/public/amsfonts/cm/cmbx9.pfb></u
sr/share/texlive/texmf-dist/fonts/type1/public/amsfonts/cm/cmex10.pfb></usr/sha
re/texlive/texmf-dist/fonts/type1/public/amsfonts/cm/cmmi10.pfb></usr/share/tex
live/texmf-dist/fonts/type1/public/amsfonts/cm/cmmi12.pfb></usr/share/texlive/t
exmf-dist/fonts/type1/public/amsfonts/cm/cmmi5.pfb></usr/share/texlive/texmf-di
st/fonts/type1/public/amsfonts/cm/cmmi7.pfb></usr/share/texlive/texmf-dist/font
s/type1/public/amsfonts/cm/cmmi9.pfb></usr/share/texlive/texmf-dist/fonts/type1
/public/amsfonts/cm/cmr10.pfb></usr/share/texlive/texmf-dist/fonts/type1/public
/amsfonts/cm/cmr12.pfb></usr/share/texlive/texmf-dist/fonts/type1/public/amsfon
ts/cm/cmr5.pfb></usr/share/texlive/texmf-dist/fonts/type1/public/amsfonts/cm/cm
r6.pfb></usr/share/texlive/texmf-dist/fonts/type1/public/amsfonts/cm/cmr7.pfb><
/usr/share/texlive/texmf-dist/fonts/type1/public/amsfonts/cm/cmr8.pfb></usr/sha
re/texlive/texmf-dist/fonts/type1/public/amsfonts/cm/cmr9.pfb></usr/share/texli
ve/texmf-dist/fonts/type1/public/amsfonts/cm/cmsy10.pfb></usr/share/texlive/tex
mf-dist/fonts/type1/public/amsfonts/cm/cmsy5.pfb></usr/share/texlive/texmf-dist
/fonts/type1/public/amsfonts/cm/cmsy7.pfb></usr/share/texlive/texmf-dist/fonts/
type1/public/amsfonts/cm/cmsy9.pfb></usr/share/texlive/texmf-dist/fonts/type1/p
ublic/amsfonts/symbols/msbm10.pfb>
Output written on 140513_summary_with_inflects.pdf (35 pages, 4153650 bytes).
PDF statistics:
 259 PDF objects out of 1000 (max. 8388607)
 142 compressed objects within 2 object streams
 0 named destinations out of 1000 (max. 500000)
 181 words of extra memory for PDF output out of 10000 (max. 10000000)

